<?xml version="1.0" encoding="utf-8"?><testsuites name="pytest tests"><testsuite name="pytest" errors="0" failures="0" skipped="0" tests="24" time="5.012" timestamp="2026-02-14T13:18:41.289308+00:00" hostname="agent-env-646229b7-6dce-4a8f-8236-34b5604d722b"><testcase classname="tests.test_advanced_analytics_widgets.TestStaffConversionFunnel" name="test_01_returns_funnel_data_structure" time="0.581" /><testcase classname="tests.test_advanced_analytics_widgets.TestStaffConversionFunnel" name="test_02_funnel_data_has_required_fields" time="0.116" /><testcase classname="tests.test_advanced_analytics_widgets.TestStaffConversionFunnel" name="test_03_funnel_counts_are_integers" time="0.116" /><testcase classname="tests.test_advanced_analytics_widgets.TestStaffConversionFunnel" name="test_04_period_filter_works" time="0.449" /><testcase classname="tests.test_advanced_analytics_widgets.TestStaffConversionFunnel" name="test_05_requires_auth" time="0.103" /><testcase classname="tests.test_advanced_analytics_widgets.TestStaffConversionFunnel" name="test_06_requires_admin_role" time="0.454" /><testcase classname="tests.test_advanced_analytics_widgets.TestRevenueHeatmap" name="test_01_returns_heatmap_structure" time="0.148" /><testcase classname="tests.test_advanced_analytics_widgets.TestRevenueHeatmap" name="test_02_day_names_are_correct" time="0.107" /><testcase classname="tests.test_advanced_analytics_widgets.TestRevenueHeatmap" name="test_03_grid_row_has_seven_days" time="0.104" /><testcase classname="tests.test_advanced_analytics_widgets.TestRevenueHeatmap" name="test_04_grid_row_has_staff_info" time="0.113" /><testcase classname="tests.test_advanced_analytics_widgets.TestRevenueHeatmap" name="test_05_period_filter_works" time="0.445" /><testcase classname="tests.test_advanced_analytics_widgets.TestRevenueHeatmap" name="test_06_requires_auth" time="0.125" /><testcase classname="tests.test_advanced_analytics_widgets.TestRevenueHeatmap" name="test_07_requires_admin_role" time="0.112" /><testcase classname="tests.test_advanced_analytics_widgets.TestDepositLifecycle" name="test_01_returns_lifecycle_data_structure" time="0.104" /><testcase classname="tests.test_advanced_analytics_widgets.TestDepositLifecycle" name="test_02_lifecycle_data_has_required_fields" time="0.122" /><testcase classname="tests.test_advanced_analytics_widgets.TestDepositLifecycle" name="test_03_numeric_values_are_valid" time="0.102" /><testcase classname="tests.test_advanced_analytics_widgets.TestDepositLifecycle" name="test_04_conversion_rate_in_valid_range" time="0.107" /><testcase classname="tests.test_advanced_analytics_widgets.TestDepositLifecycle" name="test_05_period_filter_works" time="0.421" /><testcase classname="tests.test_advanced_analytics_widgets.TestDepositLifecycle" name="test_06_requires_auth" time="0.109" /><testcase classname="tests.test_advanced_analytics_widgets.TestDepositLifecycle" name="test_07_requires_admin_role" time="0.110" /><testcase classname="tests.test_advanced_analytics_widgets.TestDepositLifecycle" name="test_08_pending_plus_converted_equals_total" time="0.102" /><testcase classname="tests.test_advanced_analytics_widgets.TestProductIdFilter" name="test_01_funnel_with_product_id" time="0.222" /><testcase classname="tests.test_advanced_analytics_widgets.TestProductIdFilter" name="test_02_heatmap_with_product_id" time="0.212" /><testcase classname="tests.test_advanced_analytics_widgets.TestProductIdFilter" name="test_03_lifecycle_with_product_id" time="0.207" /></testsuite></testsuites>