<?xml version="1.0" encoding="utf-8"?><testsuites name="pytest tests"><testsuite name="pytest" errors="0" failures="0" skipped="0" tests="31" time="1.769" timestamp="2026-01-13T18:20:26.261660+00:00" hostname="agent-env-740d1fac-d835-4941-9129-bee8372bea23"><testcase classname="tests.test_analytics_export.TestAnalyticsEndpoints" name="test_staff_performance_default" time="0.350" /><testcase classname="tests.test_analytics_export.TestAnalyticsEndpoints" name="test_staff_performance_period_today" time="0.039" /><testcase classname="tests.test_analytics_export.TestAnalyticsEndpoints" name="test_staff_performance_period_week" time="0.043" /><testcase classname="tests.test_analytics_export.TestAnalyticsEndpoints" name="test_staff_performance_period_quarter" time="0.039" /><testcase classname="tests.test_analytics_export.TestAnalyticsEndpoints" name="test_staff_performance_period_year" time="0.036" /><testcase classname="tests.test_analytics_export.TestAnalyticsEndpoints" name="test_staff_performance_requires_admin" time="0.035" /><testcase classname="tests.test_analytics_export.TestAnalyticsEndpoints" name="test_business_analytics_default" time="0.043" /><testcase classname="tests.test_analytics_export.TestAnalyticsEndpoints" name="test_business_analytics_period_month" time="0.045" /><testcase classname="tests.test_analytics_export.TestAnalyticsEndpoints" name="test_business_analytics_requires_admin" time="0.074" /><testcase classname="tests.test_analytics_export.TestAnalyticsEndpoints" name="test_database_utilization_structure" time="0.043" /><testcase classname="tests.test_analytics_export.TestExportEndpoints" name="test_export_customer_records_xlsx" time="0.125" /><testcase classname="tests.test_analytics_export.TestExportEndpoints" name="test_export_customer_records_csv" time="0.045" /><testcase classname="tests.test_analytics_export.TestExportEndpoints" name="test_export_customer_records_requires_admin" time="0.034" /><testcase classname="tests.test_analytics_export.TestExportEndpoints" name="test_export_omset_xlsx" time="0.045" /><testcase classname="tests.test_analytics_export.TestExportEndpoints" name="test_export_omset_csv" time="0.035" /><testcase classname="tests.test_analytics_export.TestExportEndpoints" name="test_export_omset_requires_admin" time="0.032" /><testcase classname="tests.test_analytics_export.TestExportEndpoints" name="test_export_staff_report_xlsx" time="0.044" /><testcase classname="tests.test_analytics_export.TestExportEndpoints" name="test_export_staff_report_csv" time="0.038" /><testcase classname="tests.test_analytics_export.TestExportEndpoints" name="test_export_staff_report_requires_admin" time="0.039" /><testcase classname="tests.test_analytics_export.TestExportEndpoints" name="test_export_reserved_members_xlsx" time="0.044" /><testcase classname="tests.test_analytics_export.TestExportEndpoints" name="test_export_reserved_members_csv" time="0.079" /><testcase classname="tests.test_analytics_export.TestExportEndpoints" name="test_export_reserved_members_requires_admin" time="0.034" /><testcase classname="tests.test_analytics_export.TestExportEndpoints" name="test_export_bonanza_records_xlsx" time="0.052" /><testcase classname="tests.test_analytics_export.TestExportEndpoints" name="test_export_bonanza_records_csv" time="0.045" /><testcase classname="tests.test_analytics_export.TestExportEndpoints" name="test_export_bonanza_records_requires_admin" time="0.034" /><testcase classname="tests.test_analytics_export.TestExportEndpoints" name="test_export_memberwd_records_xlsx" time="0.045" /><testcase classname="tests.test_analytics_export.TestExportEndpoints" name="test_export_memberwd_records_csv" time="0.036" /><testcase classname="tests.test_analytics_export.TestExportEndpoints" name="test_export_memberwd_records_requires_admin" time="0.032" /><testcase classname="tests.test_analytics_export.TestExportFilters" name="test_export_customer_records_with_status_filter" time="0.043" /><testcase classname="tests.test_analytics_export.TestExportFilters" name="test_export_omset_with_date_filter" time="0.039" /><testcase classname="tests.test_analytics_export.TestExportFilters" name="test_export_reserved_members_with_status_filter" time="0.038" /></testsuite></testsuites>