<?xml version="1.0" encoding="utf-8"?><testsuites name="pytest tests"><testsuite name="pytest" errors="0" failures="5" skipped="0" tests="31" time="2.058" timestamp="2026-01-13T18:19:34.634164+00:00" hostname="agent-env-740d1fac-d835-4941-9129-bee8372bea23"><testcase classname="tests.test_analytics_export.TestAnalyticsEndpoints" name="test_staff_performance_default" time="0.337" /><testcase classname="tests.test_analytics_export.TestAnalyticsEndpoints" name="test_staff_performance_period_today" time="0.042" /><testcase classname="tests.test_analytics_export.TestAnalyticsEndpoints" name="test_staff_performance_period_week" time="0.041" /><testcase classname="tests.test_analytics_export.TestAnalyticsEndpoints" name="test_staff_performance_period_quarter" time="0.046" /><testcase classname="tests.test_analytics_export.TestAnalyticsEndpoints" name="test_staff_performance_period_year" time="0.038" /><testcase classname="tests.test_analytics_export.TestAnalyticsEndpoints" name="test_staff_performance_requires_admin" time="0.046" /><testcase classname="tests.test_analytics_export.TestAnalyticsEndpoints" name="test_business_analytics_default" time="0.037"><failure message="assert 520 == 200&#10; +  where 520 = &lt;Response [520]&gt;.status_code">tests/test_analytics_export.py:107: in test_business_analytics_default
    assert response.status_code == 200
E   assert 520 == 200
E    +  where 520 = &lt;Response [520]&gt;.status_code</failure></testcase><testcase classname="tests.test_analytics_export.TestAnalyticsEndpoints" name="test_business_analytics_period_month" time="0.036"><failure message="assert 520 == 200&#10; +  where 520 = &lt;Response [520]&gt;.status_code">tests/test_analytics_export.py:133: in test_business_analytics_period_month
    assert response.status_code == 200
E   assert 520 == 200
E    +  where 520 = &lt;Response [520]&gt;.status_code</failure></testcase><testcase classname="tests.test_analytics_export.TestAnalyticsEndpoints" name="test_business_analytics_requires_admin" time="0.036" /><testcase classname="tests.test_analytics_export.TestAnalyticsEndpoints" name="test_database_utilization_structure" time="0.040"><failure message="assert 520 == 200&#10; +  where 520 = &lt;Response [520]&gt;.status_code">tests/test_analytics_export.py:145: in test_database_utilization_structure
    assert response.status_code == 200
E   assert 520 == 200
E    +  where 520 = &lt;Response [520]&gt;.status_code</failure></testcase><testcase classname="tests.test_analytics_export.TestExportEndpoints" name="test_export_customer_records_xlsx" time="0.330" /><testcase classname="tests.test_analytics_export.TestExportEndpoints" name="test_export_customer_records_csv" time="0.051"><failure message="assert 520 == 200&#10; +  where 520 = &lt;Response [520]&gt;.status_code">tests/test_analytics_export.py:181: in test_export_customer_records_csv
    assert response.status_code == 200
E   assert 520 == 200
E    +  where 520 = &lt;Response [520]&gt;.status_code</failure></testcase><testcase classname="tests.test_analytics_export.TestExportEndpoints" name="test_export_customer_records_requires_admin" time="0.032" /><testcase classname="tests.test_analytics_export.TestExportEndpoints" name="test_export_omset_xlsx" time="0.046" /><testcase classname="tests.test_analytics_export.TestExportEndpoints" name="test_export_omset_csv" time="0.042" /><testcase classname="tests.test_analytics_export.TestExportEndpoints" name="test_export_omset_requires_admin" time="0.036" /><testcase classname="tests.test_analytics_export.TestExportEndpoints" name="test_export_staff_report_xlsx" time="0.047" /><testcase classname="tests.test_analytics_export.TestExportEndpoints" name="test_export_staff_report_csv" time="0.045" /><testcase classname="tests.test_analytics_export.TestExportEndpoints" name="test_export_staff_report_requires_admin" time="0.037" /><testcase classname="tests.test_analytics_export.TestExportEndpoints" name="test_export_reserved_members_xlsx" time="0.042" /><testcase classname="tests.test_analytics_export.TestExportEndpoints" name="test_export_reserved_members_csv" time="0.039" /><testcase classname="tests.test_analytics_export.TestExportEndpoints" name="test_export_reserved_members_requires_admin" time="0.031" /><testcase classname="tests.test_analytics_export.TestExportEndpoints" name="test_export_bonanza_records_xlsx" time="0.059" /><testcase classname="tests.test_analytics_export.TestExportEndpoints" name="test_export_bonanza_records_csv" time="0.043" /><testcase classname="tests.test_analytics_export.TestExportEndpoints" name="test_export_bonanza_records_requires_admin" time="0.037" /><testcase classname="tests.test_analytics_export.TestExportEndpoints" name="test_export_memberwd_records_xlsx" time="0.060" /><testcase classname="tests.test_analytics_export.TestExportEndpoints" name="test_export_memberwd_records_csv" time="0.037" /><testcase classname="tests.test_analytics_export.TestExportEndpoints" name="test_export_memberwd_records_requires_admin" time="0.082" /><testcase classname="tests.test_analytics_export.TestExportFilters" name="test_export_customer_records_with_status_filter" time="0.035"><failure message="assert 520 == 200&#10; +  where 520 = &lt;Response [520]&gt;.status_code">tests/test_analytics_export.py:314: in test_export_customer_records_with_status_filter
    assert response.status_code == 200
E   assert 520 == 200
E    +  where 520 = &lt;Response [520]&gt;.status_code</failure></testcase><testcase classname="tests.test_analytics_export.TestExportFilters" name="test_export_omset_with_date_filter" time="0.044" /><testcase classname="tests.test_analytics_export.TestExportFilters" name="test_export_reserved_members_with_status_filter" time="0.039" /></testsuite></testsuites>