<?xml version="1.0" encoding="utf-8"?><testsuites name="pytest tests"><testsuite name="pytest" errors="0" failures="0" skipped="0" tests="9" time="3.913" timestamp="2026-01-16T14:54:42.987309+00:00" hostname="agent-env-2fa8a9a9-1e63-43f8-8dcc-be8d637202c4"><testcase classname="tests.test_at_risk_and_toggle.TestRetentionAlerts" name="test_retention_alerts_returns_phone_number_field" time="0.368" /><testcase classname="tests.test_at_risk_and_toggle.TestRetentionAlerts" name="test_retention_alerts_summary_structure" time="0.307" /><testcase classname="tests.test_at_risk_and_toggle.TestWhatsAppStatusToggle" name="test_whatsapp_status_toggle_on" time="0.441" /><testcase classname="tests.test_at_risk_and_toggle.TestWhatsAppStatusToggle" name="test_whatsapp_status_toggle_off" time="0.474" /><testcase classname="tests.test_at_risk_and_toggle.TestWhatsAppStatusToggle" name="test_whatsapp_status_ceklis1" time="0.444" /><testcase classname="tests.test_at_risk_and_toggle.TestWhatsAppStatusToggle" name="test_whatsapp_status_tidak" time="0.425" /><testcase classname="tests.test_at_risk_and_toggle.TestRespondStatusToggle" name="test_respond_status_toggle_on_ya" time="0.430" /><testcase classname="tests.test_at_risk_and_toggle.TestRespondStatusToggle" name="test_respond_status_toggle_off" time="0.486" /><testcase classname="tests.test_at_risk_and_toggle.TestRespondStatusToggle" name="test_respond_status_tidak" time="0.424" /></testsuite></testsuites>