<?xml version="1.0" encoding="utf-8"?><testsuites name="pytest tests"><testsuite name="pytest" errors="0" failures="0" skipped="0" tests="24" time="5.997" timestamp="2026-01-21T19:41:14.969047+00:00" hostname="agent-env-e0a654ef-847b-4606-92b1-29dcc400ce3b"><testcase classname="tests.test_attendance_qr_system.TestAttendanceAuth" name="test_check_today_requires_auth" time="0.077" /><testcase classname="tests.test_attendance_qr_system.TestAttendanceAuth" name="test_generate_qr_requires_auth" time="0.041" /><testcase classname="tests.test_attendance_qr_system.TestAttendanceAuth" name="test_device_status_requires_auth" time="0.040" /><testcase classname="tests.test_attendance_qr_system.TestAttendanceAuth" name="test_register_device_requires_auth" time="0.035" /><testcase classname="tests.test_attendance_qr_system.TestAttendanceAuth" name="test_scan_requires_auth" time="0.041" /><testcase classname="tests.test_attendance_qr_system.TestStaffAttendanceEndpoints" name="test_check_today_returns_checked_in_status" time="0.273" /><testcase classname="tests.test_attendance_qr_system.TestStaffAttendanceEndpoints" name="test_device_status_returns_has_device" time="0.276" /><testcase classname="tests.test_attendance_qr_system.TestStaffAttendanceEndpoints" name="test_generate_qr_returns_qr_code_or_already_checked_in" time="0.269" /><testcase classname="tests.test_attendance_qr_system.TestStaffAttendanceEndpoints" name="test_qr_code_format_is_unique" time="0.277" /><testcase classname="tests.test_attendance_qr_system.TestDeviceRegistration" name="test_register_device_prevents_duplicate" time="0.323" /><testcase classname="tests.test_attendance_qr_system.TestDeviceRegistration" name="test_device_status_shows_registered_device_info" time="0.270" /><testcase classname="tests.test_attendance_qr_system.TestQRScanning" name="test_scan_invalid_qr_returns_400" time="0.518" /><testcase classname="tests.test_attendance_qr_system.TestQRScanning" name="test_scan_with_wrong_device_returns_403" time="0.283" /><testcase classname="tests.test_attendance_qr_system.TestAdminAttendanceEndpoints" name="test_admin_today_requires_admin_role" time="0.314" /><testcase classname="tests.test_attendance_qr_system.TestAdminAttendanceEndpoints" name="test_admin_today_returns_summary" time="0.270" /><testcase classname="tests.test_attendance_qr_system.TestAdminAttendanceEndpoints" name="test_admin_devices_returns_device_list" time="0.268" /><testcase classname="tests.test_attendance_qr_system.TestAdminAttendanceEndpoints" name="test_admin_records_returns_history" time="0.276" /><testcase classname="tests.test_attendance_qr_system.TestAdminAttendanceEndpoints" name="test_admin_records_with_date_filter" time="0.307" /><testcase classname="tests.test_attendance_qr_system.TestAdminAttendanceEndpoints" name="test_admin_export_returns_records" time="0.275" /><testcase classname="tests.test_attendance_qr_system.TestAdminAttendanceEndpoints" name="test_admin_devices_requires_admin_role" time="0.271" /><testcase classname="tests.test_attendance_qr_system.TestDeleteDevice" name="test_delete_nonexistent_device_returns_404" time="0.351" /><testcase classname="tests.test_attendance_qr_system.TestDeleteDevice" name="test_delete_device_requires_admin" time="0.286" /><testcase classname="tests.test_attendance_qr_system.TestMasterAdminAccess" name="test_master_admin_can_access_admin_today" time="0.274" /><testcase classname="tests.test_attendance_qr_system.TestMasterAdminAccess" name="test_master_admin_can_access_admin_devices" time="0.291" /></testsuite></testsuites>