<?xml version="1.0" encoding="utf-8"?><testsuites name="pytest tests"><testsuite name="pytest" errors="0" failures="0" skipped="1" tests="18" time="4.066" timestamp="2026-01-20T15:23:23.553813+00:00" hostname="agent-env-f789a5f5-5ea0-407a-bd4d-e8df592effa1"><testcase classname="tests.test_attendance.TestAttendanceSystem" name="test_check_today_requires_auth" time="0.074" /><testcase classname="tests.test_attendance.TestAttendanceSystem" name="test_generate_qr_requires_auth" time="0.036" /><testcase classname="tests.test_attendance.TestAttendanceSystem" name="test_device_status_requires_auth" time="0.038" /><testcase classname="tests.test_attendance.TestAttendanceSystem" name="test_register_device_requires_auth" time="0.072" /><testcase classname="tests.test_attendance.TestAttendanceSystem" name="test_check_today_attendance" time="0.315" /><testcase classname="tests.test_attendance.TestAttendanceSystem" name="test_device_status" time="0.307" /><testcase classname="tests.test_attendance.TestAttendanceSystem" name="test_register_device" time="0.270" /><testcase classname="tests.test_attendance.TestAttendanceSystem" name="test_generate_qr_code" time="0.280" /><testcase classname="tests.test_attendance.TestAttendanceSystem" name="test_my_attendance_records" time="0.268" /><testcase classname="tests.test_attendance.TestAttendanceSystem" name="test_scan_invalid_qr_code" time="0.033" /><testcase classname="tests.test_attendance.TestAttendanceSystem" name="test_scan_with_unregistered_device" time="0.288"><skipped type="pytest.skip" message="Already checked in today, cannot test scan">/app/tests/test_attendance.py:187: Already checked in today, cannot test scan</skipped></testcase><testcase classname="tests.test_attendance.TestAttendanceSystem" name="test_scan_with_registered_device" time="0.283" /><testcase classname="tests.test_attendance.TestAttendanceSystem" name="test_admin_today_attendance_requires_admin" time="0.287" /><testcase classname="tests.test_attendance.TestAttendanceSystem" name="test_admin_today_attendance" time="0.266" /><testcase classname="tests.test_attendance.TestAttendanceSystem" name="test_admin_attendance_records" time="0.267" /><testcase classname="tests.test_attendance.TestAttendanceSystem" name="test_admin_registered_devices" time="0.309" /><testcase classname="tests.test_attendance.TestAttendanceSystem" name="test_admin_export_attendance" time="0.268" /><testcase classname="tests.test_attendance.TestQRCodeExpiry" name="test_qr_code_has_expiry_info" time="0.262" /></testsuite></testsuites>