<?xml version="1.0" encoding="utf-8"?><testsuites name="pytest tests"><testsuite name="pytest" errors="0" failures="0" skipped="0" tests="22" time="13.547" timestamp="2026-01-21T21:30:03.320181+00:00" hostname="agent-env-0351cc4c-23b5-4a31-be2d-e483dc08b61f"><testcase classname="tests.test_attendance_totp_system.TestTOTPSetup" name="test_totp_status_requires_auth" time="0.597" /><testcase classname="tests.test_attendance_totp_system.TestTOTPSetup" name="test_totp_status_returns_setup_state" time="0.567" /><testcase classname="tests.test_attendance_totp_system.TestTOTPSetup" name="test_totp_setup_generates_qr_code" time="0.565" /><testcase classname="tests.test_attendance_totp_system.TestTOTPSetup" name="test_totp_setup_returns_same_secret_if_exists" time="0.752" /><testcase classname="tests.test_attendance_totp_system.TestTOTPVerification" name="test_verify_setup_requires_auth" time="0.554" /><testcase classname="tests.test_attendance_totp_system.TestTOTPVerification" name="test_verify_setup_rejects_invalid_code" time="0.627" /><testcase classname="tests.test_attendance_totp_system.TestTOTPVerification" name="test_verify_setup_accepts_valid_code" time="0.594" /><testcase classname="tests.test_attendance_totp_system.TestTOTPCheckIn" name="test_checkin_requires_auth" time="0.633" /><testcase classname="tests.test_attendance_totp_system.TestTOTPCheckIn" name="test_check_today_requires_auth" time="0.567" /><testcase classname="tests.test_attendance_totp_system.TestTOTPCheckIn" name="test_check_today_returns_status" time="0.557" /><testcase classname="tests.test_attendance_totp_system.TestTOTPCheckIn" name="test_checkin_rejects_invalid_code" time="0.649" /><testcase classname="tests.test_attendance_totp_system.TestTOTPCheckIn" name="test_checkin_with_valid_code" time="0.637" /><testcase classname="tests.test_attendance_totp_system.TestAdminAttendanceEndpoints" name="test_admin_today_requires_admin" time="0.780" /><testcase classname="tests.test_attendance_totp_system.TestAdminAttendanceEndpoints" name="test_admin_today_returns_summary" time="0.600" /><testcase classname="tests.test_attendance_totp_system.TestAdminAttendanceEndpoints" name="test_admin_totp_status_requires_admin" time="0.593" /><testcase classname="tests.test_attendance_totp_system.TestAdminAttendanceEndpoints" name="test_admin_totp_status_returns_staff_list" time="0.552" /><testcase classname="tests.test_attendance_totp_system.TestAdminAttendanceEndpoints" name="test_admin_records_requires_admin" time="0.572" /><testcase classname="tests.test_attendance_totp_system.TestAdminAttendanceEndpoints" name="test_admin_records_returns_history" time="0.555" /><testcase classname="tests.test_attendance_totp_system.TestAdminAttendanceEndpoints" name="test_admin_records_with_date_filter" time="0.559" /><testcase classname="tests.test_attendance_totp_system.TestAdminTOTPReset" name="test_reset_totp_requires_admin" time="0.553" /><testcase classname="tests.test_attendance_totp_system.TestAdminTOTPReset" name="test_reset_totp_nonexistent_returns_404" time="0.550" /><testcase classname="tests.test_attendance_totp_system.TestTOTPFlow" name="test_complete_totp_flow" time="0.792" /></testsuite></testsuites>