<?xml version="1.0" encoding="utf-8"?><testsuites name="pytest tests"><testsuite name="pytest" errors="0" failures="0" skipped="0" tests="5" time="4.009" timestamp="2026-02-22T11:40:00.914689+00:00" hostname="agent-env-ab16582f-50e2-42b2-b4c0-619aed06f48e"><testcase classname="backend.tests.test_auto_reassignment.TestAdminDeletion" name="test_manual_admin_deletion_archives_with_correct_reason" time="1.144" /><testcase classname="backend.tests.test_auto_reassignment.TestAutoReassignment" name="test_auto_reassignment_on_new_omset" time="0.869" /><testcase classname="backend.tests.test_auto_reassignment.TestAutoReassignment" name="test_auto_reassignment_creates_notification" time="0.637" /><testcase classname="backend.tests.test_auto_reassignment.TestNegativeCases" name="test_no_reassignment_if_customer_reserved_by_another" time="0.732" /><testcase classname="backend.tests.test_auto_reassignment.TestNegativeCases" name="test_no_reassignment_if_no_deleted_reservation" time="0.555" /></testsuite></testsuites>