<?xml version="1.0" encoding="utf-8"?><testsuites name="pytest tests"><testsuite name="pytest" errors="0" failures="1" skipped="0" tests="5" time="4.049" timestamp="2026-02-22T11:39:46.019413+00:00" hostname="agent-env-ab16582f-50e2-42b2-b4c0-619aed06f48e"><testcase classname="backend.tests.test_auto_reassignment.TestAdminDeletion" name="test_manual_admin_deletion_archives_with_correct_reason" time="1.193" /><testcase classname="backend.tests.test_auto_reassignment.TestAutoReassignment" name="test_auto_reassignment_on_new_omset" time="0.733"><failure message="AssertionError: Expected last_omset_date='2026-02-22', got '2026-02-22T00:00:00+07:00'&#10;assert '2026-02-22T00:00:00+07:00' == '2026-02-22'&#10;  &#10;  - 2026-02-22&#10;  + 2026-02-22T00:00:00+07:00">backend/tests/test_auto_reassignment.py:207: in test_auto_reassignment_on_new_omset
    assert restored_reservation.get('last_omset_date') == today, \
E   AssertionError: Expected last_omset_date='2026-02-22', got '2026-02-22T00:00:00+07:00'
E   assert '2026-02-22T00:00:00+07:00' == '2026-02-22'
E     
E     - 2026-02-22
E     + 2026-02-22T00:00:00+07:00</failure></testcase><testcase classname="backend.tests.test_auto_reassignment.TestAutoReassignment" name="test_auto_reassignment_creates_notification" time="0.693" /><testcase classname="backend.tests.test_auto_reassignment.TestNegativeCases" name="test_no_reassignment_if_customer_reserved_by_another" time="0.785" /><testcase classname="backend.tests.test_auto_reassignment.TestNegativeCases" name="test_no_reassignment_if_no_deleted_reservation" time="0.542" /></testsuite></testsuites>