<?xml version="1.0" encoding="utf-8"?><testsuites name="pytest tests"><testsuite name="pytest" errors="0" failures="2" skipped="0" tests="5" time="4.100" timestamp="2026-02-22T11:38:31.738297+00:00" hostname="agent-env-ab16582f-50e2-42b2-b4c0-619aed06f48e"><testcase classname="backend.tests.test_auto_reassignment.TestAdminDeletion" name="test_manual_admin_deletion_archives_with_correct_reason" time="1.250" /><testcase classname="backend.tests.test_auto_reassignment.TestAutoReassignment" name="test_auto_reassignment_on_new_omset" time="0.827"><failure message="AssertionError: Expected auto_reassigned=True, got 'None'&#10;assert None == True&#10; +  where None = &lt;built-in method get of dict object at 0xf98efad6d980&gt;('auto_reassigned')&#10; +    where &lt;built-in method get of dict object at 0xf98efad6d980&gt; = {'approved_at': '2026-02-22T18:38:33.469853+07:00', 'approved_by': 'system', 'approved_by_name': 'Auto-Reassignment', 'created_at': '2026-02-22T18:38:33.469853+07:00', ...}.get">backend/tests/test_auto_reassignment.py:199: in test_auto_reassignment_on_new_omset
    assert restored_reservation.get('auto_reassigned') == True, \
E   AssertionError: Expected auto_reassigned=True, got 'None'
E   assert None == True
E    +  where None = &lt;built-in method get of dict object at 0xf98efad6d980&gt;('auto_reassigned')
E    +    where &lt;built-in method get of dict object at 0xf98efad6d980&gt; = {'approved_at': '2026-02-22T18:38:33.469853+07:00', 'approved_by': 'system', 'approved_by_name': 'Auto-Reassignment', 'created_at': '2026-02-22T18:38:33.469853+07:00', ...}.get</failure></testcase><testcase classname="backend.tests.test_auto_reassignment.TestAutoReassignment" name="test_auto_reassignment_creates_notification" time="0.629"><failure message="AssertionError: Failed to get staff notifications: {&quot;detail&quot;:&quot;Not Found&quot;}&#10;assert 404 == 200&#10; +  where 404 = &lt;Response [404]&gt;.status_code">backend/tests/test_auto_reassignment.py:256: in test_auto_reassignment_creates_notification
    assert resp.status_code == 200, f"Failed to get staff notifications: {resp.text}"
E   AssertionError: Failed to get staff notifications: {"detail":"Not Found"}
E   assert 404 == 200
E    +  where 404 = &lt;Response [404]&gt;.status_code</failure></testcase><testcase classname="backend.tests.test_auto_reassignment.TestNegativeCases" name="test_no_reassignment_if_customer_reserved_by_another" time="0.772" /><testcase classname="backend.tests.test_auto_reassignment.TestNegativeCases" name="test_no_reassignment_if_no_deleted_reservation" time="0.530" /></testsuite></testsuites>