<?xml version="1.0" encoding="utf-8"?><testsuites name="pytest tests"><testsuite name="pytest" errors="0" failures="0" skipped="0" tests="11" time="5.584" timestamp="2026-02-17T09:54:17.111437+00:00" hostname="agent-env-6137ec11-e9f7-466c-8f2e-68273f040988"><testcase classname="tests.test_daily_briefing.TestDailyBriefing" name="test_staff_daily_briefing_returns_show_true" time="0.701" /><testcase classname="tests.test_daily_briefing.TestDailyBriefing" name="test_admin_daily_briefing_returns_not_staff" time="0.449" /><testcase classname="tests.test_daily_briefing.TestDailyBriefing" name="test_dismiss_daily_briefing" time="0.541" /><testcase classname="tests.test_daily_briefing.TestDailyBriefing" name="test_after_dismiss_returns_already_seen" time="0.514" /><testcase classname="tests.test_daily_briefing.TestDailyBriefing" name="test_at_risk_category_structure" time="0.741" /><testcase classname="tests.test_daily_briefing.TestDailyBriefing" name="test_max_5_per_risk_level" time="0.494" /><testcase classname="tests.test_daily_briefing.TestDailyBriefing" name="test_followups_by_product_structure" time="0.460" /><testcase classname="tests.test_daily_briefing.TestDailyBriefing" name="test_at_risk_day_ranges" time="0.466" /><testcase classname="tests.test_daily_briefing.TestDailyBriefing" name="test_unauthenticated_request_fails" time="0.099" /><testcase classname="tests.test_daily_briefing.TestDailyBriefing" name="test_dismiss_unauthenticated_fails" time="0.103" /><testcase classname="tests.test_daily_briefing.TestDailyBriefingCleanup" name="test_dismiss_then_recheck_same_day" time="0.908" /></testsuite></testsuites>