<?xml version="1.0" encoding="utf-8"?><testsuites name="pytest tests"><testsuite name="pytest" errors="0" failures="0" skipped="0" tests="9" time="63.732" timestamp="2026-02-07T14:58:57.062228+00:00" hostname="agent-env-e39654b8-83ed-4bfd-83c0-4627b5b42cd8"><testcase classname="backend.tests.test_delete_sync.TestDeleteSync" name="test_01_delete_ndp_recalculates_customer_type" time="1.889" /><testcase classname="backend.tests.test_delete_sync.TestDeleteSync" name="test_02_delete_updates_summary_counts" time="1.208" /><testcase classname="backend.tests.test_delete_sync.TestDeleteSync" name="test_03_delete_updates_bonus_calculation" time="1.052" /><testcase classname="backend.tests.test_delete_sync.TestDeleteSync" name="test_04_delete_updates_daily_summary" time="0.944" /><testcase classname="backend.tests.test_delete_sync.TestDeleteSync" name="test_05_delete_updates_leaderboard" time="0.882" /><testcase classname="backend.tests.test_delete_sync.TestDeleteSync" name="test_06_restore_recalculates_ndp_rdp" time="2.844" /><testcase classname="backend.tests.test_delete_sync.TestDeleteSync" name="test_07_pending_excluded_from_summary" time="1.135" /><testcase classname="backend.tests.test_delete_sync.TestDeleteSync" name="test_08_pending_visible_in_omset_list" time="1.007" /><testcase classname="backend.tests.test_delete_sync.TestDeleteSync" name="test_09_approve_pending_counts_in_summary" time="52.570" /></testsuite></testsuites>