<?xml version="1.0" encoding="utf-8"?><testsuites name="pytest tests"><testsuite name="pytest" errors="0" failures="0" skipped="0" tests="22" time="11.923" timestamp="2026-02-14T14:21:47.078596+00:00" hostname="agent-env-3a03f72f-2ab3-4b01-b8a3-2c687bc07002"><testcase classname="backend.tests.test_drill_down_endpoints.TestDrillDownEndpoints" name="test_response_time_drilldown_returns_200" time="0.588" /><testcase classname="backend.tests.test_drill_down_endpoints.TestDrillDownEndpoints" name="test_response_time_drilldown_has_records_field" time="0.459" /><testcase classname="backend.tests.test_drill_down_endpoints.TestDrillDownEndpoints" name="test_response_time_drilldown_record_fields" time="0.468" /><testcase classname="backend.tests.test_drill_down_endpoints.TestDrillDownEndpoints" name="test_response_time_drilldown_total_count" time="0.415" /><testcase classname="backend.tests.test_drill_down_endpoints.TestDrillDownEndpoints" name="test_followup_detail_drilldown_returns_200" time="0.418" /><testcase classname="backend.tests.test_drill_down_endpoints.TestDrillDownEndpoints" name="test_followup_detail_drilldown_has_records_and_stats" time="0.425" /><testcase classname="backend.tests.test_drill_down_endpoints.TestDrillDownEndpoints" name="test_followup_detail_record_has_deposit_status" time="0.455" /><testcase classname="backend.tests.test_drill_down_endpoints.TestDrillDownEndpoints" name="test_product_staff_drilldown_returns_200" time="0.455" /><testcase classname="backend.tests.test_drill_down_endpoints.TestDrillDownEndpoints" name="test_product_staff_drilldown_has_staff_breakdown" time="0.414" /><testcase classname="backend.tests.test_drill_down_endpoints.TestDrillDownEndpoints" name="test_product_staff_breakdown_fields" time="0.466" /><testcase classname="backend.tests.test_drill_down_endpoints.TestDrillDownEndpoints" name="test_product_staff_with_different_products" time="0.548" /><testcase classname="backend.tests.test_drill_down_endpoints.TestDrillDownEndpoints" name="test_staff_customers_drilldown_returns_200" time="0.423" /><testcase classname="backend.tests.test_drill_down_endpoints.TestDrillDownEndpoints" name="test_staff_customers_has_customers_array" time="0.422" /><testcase classname="backend.tests.test_drill_down_endpoints.TestDrillDownEndpoints" name="test_staff_customers_record_fields" time="0.409" /><testcase classname="backend.tests.test_drill_down_endpoints.TestDrillDownEndpoints" name="test_date_deposits_drilldown_returns_200" time="0.433" /><testcase classname="backend.tests.test_drill_down_endpoints.TestDrillDownEndpoints" name="test_date_deposits_has_required_fields" time="0.428" /><testcase classname="backend.tests.test_drill_down_endpoints.TestDrillDownEndpoints" name="test_date_deposits_record_fields" time="0.430" /><testcase classname="backend.tests.test_drill_down_endpoints.TestDrillDownEndpoints" name="test_date_deposits_with_granularity" time="0.603" /><testcase classname="backend.tests.test_drill_down_endpoints.TestDrillDownEndpoints" name="test_date_deposits_with_product_filter" time="0.427" /><testcase classname="backend.tests.test_drill_down_endpoints.TestDrillDownEndpoints" name="test_drill_down_endpoints_require_auth" time="1.364" /><testcase classname="backend.tests.test_drill_down_endpoints.TestDrillDownEndpoints" name="test_response_time_period_filters" time="0.845" /><testcase classname="backend.tests.test_drill_down_endpoints.TestDrillDownEndpoints" name="test_followup_detail_period_filters" time="0.760" /></testsuite></testsuites>