<?xml version="1.0" encoding="utf-8"?><testsuites name="pytest tests"><testsuite name="pytest" errors="0" failures="0" skipped="0" tests="10" time="4.319" timestamp="2026-02-11T16:46:20.986156+00:00" hostname="agent-env-646229b7-6dce-4a8f-8236-34b5604d722b"><testcase classname="backend.tests.test_followup_role_fix.TestFollowupRoleFix" name="test_01_admin_gets_followups_with_summary" time="0.447" /><testcase classname="backend.tests.test_followup_role_fix.TestFollowupRoleFix" name="test_02_master_admin_gets_followups_with_summary" time="0.337" /><testcase classname="backend.tests.test_followup_role_fix.TestFollowupRoleFix" name="test_03_admin_and_master_admin_see_same_data" time="0.687" /><testcase classname="backend.tests.test_followup_role_fix.TestFollowupRoleFix" name="test_04_admin_can_filter_by_staff_id" time="0.376" /><testcase classname="backend.tests.test_followup_role_fix.TestFollowupRoleFix" name="test_05_master_admin_can_filter_by_staff_id" time="0.366" /><testcase classname="backend.tests.test_followup_role_fix.TestFollowupRoleFix" name="test_06_master_admin_gets_followup_filters" time="0.327" /><testcase classname="backend.tests.test_followup_role_fix.TestFollowupRoleFix" name="test_07_staff_sees_only_own_followups" time="0.597" /><testcase classname="backend.tests.test_followup_role_fix.TestFollowupRoleFix" name="test_08_summary_counts_match_list_length" time="0.311" /><testcase classname="backend.tests.test_followup_role_fix.TestFollowupRoleFix" name="test_09_urgency_levels_correctly_categorized" time="0.332" /><testcase classname="backend.tests.test_followup_role_fix.TestFollowupRoleFix" name="test_10_admin_sees_all_staff_data_not_filtered_to_self" time="0.324" /></testsuite></testsuites>