<?xml version="1.0" encoding="utf-8"?><testsuites name="pytest tests"><testsuite name="pytest" errors="0" failures="0" skipped="0" tests="12" time="3.724" timestamp="2026-01-17T16:50:56.716526+00:00" hostname="agent-env-6128bfe7-60aa-4cc4-a826-d2733d992028"><testcase classname="tests.test_followup_filters.TestFollowupFilters" name="test_get_followup_filters_endpoint_exists" time="0.316" /><testcase classname="tests.test_followup_filters.TestFollowupFilters" name="test_get_followup_filters_returns_correct_structure" time="0.286" /><testcase classname="tests.test_followup_filters.TestFollowupFilters" name="test_get_followup_filters_product_structure" time="0.278" /><testcase classname="tests.test_followup_filters.TestFollowupFilters" name="test_get_followup_filters_database_structure" time="0.326" /><testcase classname="tests.test_followup_filters.TestFollowupFilters" name="test_get_followups_without_filters" time="0.269" /><testcase classname="tests.test_followup_filters.TestFollowupFilters" name="test_get_followups_with_product_filter" time="0.319" /><testcase classname="tests.test_followup_filters.TestFollowupFilters" name="test_get_followups_with_database_filter" time="0.284" /><testcase classname="tests.test_followup_filters.TestFollowupFilters" name="test_get_followups_with_both_filters" time="0.272" /><testcase classname="tests.test_followup_filters.TestFollowupFilters" name="test_followup_filters_requires_staff_role" time="0.521" /><testcase classname="tests.test_followup_filters.TestFollowupFilters" name="test_followups_requires_staff_role" time="0.591" /><testcase classname="tests.test_followup_filters.TestFollowupFiltersUnauthorized" name="test_filters_requires_auth" time="0.041" /><testcase classname="tests.test_followup_filters.TestFollowupFiltersUnauthorized" name="test_followups_requires_auth" time="0.035" /></testsuite></testsuites>