<?xml version="1.0" encoding="utf-8"?><testsuites name="pytest tests"><testsuite name="pytest" errors="0" failures="0" skipped="0" tests="19" time="6.429" timestamp="2026-01-18T17:10:27.022375+00:00" hostname="agent-env-b9ba1eb7-8877-4d6f-b231-196be8e6673e"><testcase classname="tests.test_grace_period_config.TestGracePeriodConfigAuth" name="test_get_config_requires_auth" time="0.062" /><testcase classname="tests.test_grace_period_config.TestGracePeriodConfigAuth" name="test_put_config_requires_auth" time="0.043" /><testcase classname="tests.test_grace_period_config.TestGracePeriodConfigAuth" name="test_get_config_requires_admin" time="0.344" /><testcase classname="tests.test_grace_period_config.TestGracePeriodConfigAuth" name="test_put_config_requires_admin" time="0.378" /><testcase classname="tests.test_grace_period_config.TestGetGracePeriodConfig" name="test_get_config_returns_correct_structure" time="0.304" /><testcase classname="tests.test_grace_period_config.TestGetGracePeriodConfig" name="test_get_config_returns_available_products" time="0.347" /><testcase classname="tests.test_grace_period_config.TestGetGracePeriodConfig" name="test_get_config_default_values" time="0.308" /><testcase classname="tests.test_grace_period_config.TestUpdateGracePeriodConfig" name="test_update_config_success" time="0.455" /><testcase classname="tests.test_grace_period_config.TestUpdateGracePeriodConfig" name="test_update_config_validates_grace_days_minimum" time="0.380" /><testcase classname="tests.test_grace_period_config.TestUpdateGracePeriodConfig" name="test_update_config_validates_warning_days_minimum" time="0.336" /><testcase classname="tests.test_grace_period_config.TestUpdateGracePeriodConfig" name="test_update_config_validates_warning_less_than_grace" time="0.378" /><testcase classname="tests.test_grace_period_config.TestProductOverrides" name="test_add_product_override" time="0.490" /><testcase classname="tests.test_grace_period_config.TestProductOverrides" name="test_product_override_validates_product_exists" time="0.337" /><testcase classname="tests.test_grace_period_config.TestProductOverrides" name="test_product_override_validates_grace_days" time="0.337" /><testcase classname="tests.test_grace_period_config.TestProductOverrides" name="test_multiple_product_overrides" time="0.455" /><testcase classname="tests.test_grace_period_config.TestPreviewUsesConfig" name="test_preview_returns_config_info" time="0.327" /><testcase classname="tests.test_grace_period_config.TestPreviewUsesConfig" name="test_preview_member_shows_grace_days" time="0.303" /><testcase classname="tests.test_grace_period_config.TestCleanupUsesConfig" name="test_cleanup_runs_with_config" time="0.301" /><testcase classname="tests.test_grace_period_config.TestCleanupUsesConfig" name="test_config_change_affects_preview" time="0.458" /></testsuite></testsuites>