<?xml version="1.0" encoding="utf-8"?><testsuites name="pytest tests"><testsuite name="pytest" errors="0" failures="0" skipped="0" tests="12" time="3.573" timestamp="2026-02-03T11:53:00.043723+00:00" hostname="agent-env-9e29f37a-9909-4e57-9891-50782976bac7"><testcase classname="backend.tests.test_grace_period_and_counts.TestSchedulerAndCleanup" name="test_01_scheduler_config_endpoint" time="0.353" /><testcase classname="backend.tests.test_grace_period_and_counts.TestSchedulerAndCleanup" name="test_02_reserved_member_cleanup_preview" time="0.273" /><testcase classname="backend.tests.test_grace_period_and_counts.TestSchedulerAndCleanup" name="test_03_reserved_member_cleanup_manual_trigger" time="0.281" /><testcase classname="backend.tests.test_grace_period_and_counts.TestMemberWDDatabaseCounts" name="test_01_memberwd_databases_endpoint" time="0.275" /><testcase classname="backend.tests.test_grace_period_and_counts.TestMemberWDDatabaseCounts" name="test_02_memberwd_archived_records_endpoint" time="0.310" /><testcase classname="backend.tests.test_grace_period_and_counts.TestBonanzaDatabaseCounts" name="test_01_bonanza_databases_endpoint" time="0.267" /><testcase classname="backend.tests.test_grace_period_and_counts.TestBonanzaDatabaseCounts" name="test_02_bonanza_archived_records_endpoint" time="0.278" /><testcase classname="backend.tests.test_grace_period_and_counts.TestProcessInvalidAndReplace" name="test_01_memberwd_invalid_records_endpoint" time="0.271" /><testcase classname="backend.tests.test_grace_period_and_counts.TestProcessInvalidAndReplace" name="test_02_bonanza_invalid_records_endpoint" time="0.312" /><testcase classname="backend.tests.test_grace_period_and_counts.TestCountConsistencyAfterProcessInvalid" name="test_01_memberwd_count_formula_verification" time="0.282" /><testcase classname="backend.tests.test_grace_period_and_counts.TestCountConsistencyAfterProcessInvalid" name="test_02_bonanza_count_formula_verification" time="0.281" /><testcase classname="backend.tests.test_grace_period_and_counts.TestGracePeriodConfig" name="test_01_get_grace_period_config" time="0.267" /></testsuite></testsuites>