<?xml version="1.0" encoding="utf-8"?><testsuites name="pytest tests"><testsuite name="pytest" errors="0" failures="0" skipped="0" tests="12" time="7.946" timestamp="2026-01-20T16:52:39.360837+00:00" hostname="agent-env-f789a5f5-5ea0-407a-bd4d-e8df592effa1"><testcase classname="tests.test_heartbeat_isolation.TestHeartbeatIsolation" name="test_heartbeat_returns_correct_user_id" time="0.298" /><testcase classname="tests.test_heartbeat_isolation.TestHeartbeatIsolation" name="test_heartbeat_only_updates_authenticated_user" time="2.530" /><testcase classname="tests.test_heartbeat_isolation.TestHeartbeatIsolation" name="test_multiple_users_different_timestamps" time="2.522" /><testcase classname="tests.test_heartbeat_isolation.TestHeartbeatIsolation" name="test_heartbeat_response_structure" time="0.290" /><testcase classname="tests.test_heartbeat_isolation.TestHeartbeatIsolation" name="test_heartbeat_requires_authentication" time="0.081" /><testcase classname="tests.test_heartbeat_isolation.TestUserActivityEndpoint" name="test_activity_endpoint_returns_correct_data" time="0.269" /><testcase classname="tests.test_heartbeat_isolation.TestUserActivityEndpoint" name="test_activity_requires_admin" time="0.270" /><testcase classname="tests.test_heartbeat_isolation.TestForceOfflineAndReset" name="test_force_all_offline_endpoint" time="0.264" /><testcase classname="tests.test_heartbeat_isolation.TestForceOfflineAndReset" name="test_reset_activity_endpoint" time="0.268" /><testcase classname="tests.test_heartbeat_isolation.TestLogoutBehavior" name="test_logout_sets_timestamp" time="0.548" /><testcase classname="tests.test_heartbeat_isolation.TestStatusCalculation" name="test_status_thresholds_documented" time="0.284" /><testcase classname="tests.test_heartbeat_isolation.TestStatusCalculation" name="test_user_status_values" time="0.268" /></testsuite></testsuites>