<?xml version="1.0" encoding="utf-8"?><testsuites name="pytest tests"><testsuite name="pytest" errors="0" failures="0" skipped="17" tests="17" time="6.313" timestamp="2026-01-31T11:05:25.263167+00:00" hostname="agent-env-34e664ae-302b-4bc3-8f58-5ab116da8c2a"><testcase classname="tests.test_invalid_replacement_feature.TestBonanzaInvalidRecordsAPI" name="test_get_invalid_records_endpoint" time="0.567"><skipped type="pytest.skip" message="Admin authentication failed">/app/tests/test_invalid_replacement_feature.py:71: Admin authentication failed</skipped></testcase><testcase classname="tests.test_invalid_replacement_feature.TestBonanzaInvalidRecordsAPI" name="test_get_archived_invalid_endpoint" time="0.529"><skipped type="pytest.skip" message="Admin authentication failed">/app/tests/test_invalid_replacement_feature.py:84: Admin authentication failed</skipped></testcase><testcase classname="tests.test_invalid_replacement_feature.TestBonanzaInvalidRecordsAPI" name="test_process_invalid_without_staff_id" time="0.564"><skipped type="pytest.skip" message="Admin authentication failed">/app/tests/test_invalid_replacement_feature.py:97: Admin authentication failed</skipped></testcase><testcase classname="tests.test_invalid_replacement_feature.TestBonanzaInvalidRecordsAPI" name="test_restore_non_existent_record" time="0.522"><skipped type="pytest.skip" message="Admin authentication failed">/app/tests/test_invalid_replacement_feature.py:109: Admin authentication failed</skipped></testcase><testcase classname="tests.test_invalid_replacement_feature.TestBonanzaInvalidRecordsAPI" name="test_delete_non_existent_record" time="0.521"><skipped type="pytest.skip" message="Admin authentication failed">/app/tests/test_invalid_replacement_feature.py:119: Admin authentication failed</skipped></testcase><testcase classname="tests.test_invalid_replacement_feature.TestBonanzaInvalidRecordsAPI" name="test_process_invalid_unauthenticated" time="0.522"><skipped type="pytest.skip" message="Admin authentication failed">/app/tests/test_invalid_replacement_feature.py:129: Admin authentication failed</skipped></testcase><testcase classname="tests.test_invalid_replacement_feature.TestMemberWDInvalidRecordsAPI" name="test_get_invalid_records_endpoint" time="0.257"><skipped type="pytest.skip" message="Admin authentication failed">/app/tests/test_invalid_replacement_feature.py:153: Admin authentication failed</skipped></testcase><testcase classname="tests.test_invalid_replacement_feature.TestMemberWDInvalidRecordsAPI" name="test_get_archived_invalid_endpoint" time="0.267"><skipped type="pytest.skip" message="Admin authentication failed">/app/tests/test_invalid_replacement_feature.py:166: Admin authentication failed</skipped></testcase><testcase classname="tests.test_invalid_replacement_feature.TestMemberWDInvalidRecordsAPI" name="test_process_invalid_without_staff_id" time="0.259"><skipped type="pytest.skip" message="Admin authentication failed">/app/tests/test_invalid_replacement_feature.py:179: Admin authentication failed</skipped></testcase><testcase classname="tests.test_invalid_replacement_feature.TestMemberWDInvalidRecordsAPI" name="test_restore_non_existent_record" time="0.259"><skipped type="pytest.skip" message="Admin authentication failed">/app/tests/test_invalid_replacement_feature.py:190: Admin authentication failed</skipped></testcase><testcase classname="tests.test_invalid_replacement_feature.TestMemberWDInvalidRecordsAPI" name="test_delete_non_existent_record" time="0.266"><skipped type="pytest.skip" message="Admin authentication failed">/app/tests/test_invalid_replacement_feature.py:200: Admin authentication failed</skipped></testcase><testcase classname="tests.test_invalid_replacement_feature.TestBonanzaInvalidRecordsIntegration" name="test_full_flow_with_existing_invalid_records" time="0.268"><skipped type="pytest.skip" message="Admin authentication failed">/app/tests/test_invalid_replacement_feature.py:225: Admin authentication failed</skipped></testcase><testcase classname="tests.test_invalid_replacement_feature.TestBonanzaInvalidRecordsIntegration" name="test_restore_and_delete_archived_record" time="0.300"><skipped type="pytest.skip" message="Admin authentication failed">/app/tests/test_invalid_replacement_feature.py:270: Admin authentication failed</skipped></testcase><testcase classname="tests.test_invalid_replacement_feature.TestArchivedRecordsResponseFormat" name="test_bonanza_archived_response_structure" time="0.288"><skipped type="pytest.skip" message="Admin authentication failed">/app/tests/test_invalid_replacement_feature.py:319: Admin authentication failed</skipped></testcase><testcase classname="tests.test_invalid_replacement_feature.TestArchivedRecordsResponseFormat" name="test_memberwd_archived_response_structure" time="0.298"><skipped type="pytest.skip" message="Admin authentication failed">/app/tests/test_invalid_replacement_feature.py:344: Admin authentication failed</skipped></testcase><testcase classname="tests.test_invalid_replacement_feature.TestArchivedRecordsResponseFormat" name="test_bonanza_invalid_records_response_structure" time="0.260"><skipped type="pytest.skip" message="Admin authentication failed">/app/tests/test_invalid_replacement_feature.py:360: Admin authentication failed</skipped></testcase><testcase classname="tests.test_invalid_replacement_feature.TestArchivedRecordsResponseFormat" name="test_memberwd_invalid_records_response_structure" time="0.262"><skipped type="pytest.skip" message="Admin authentication failed">/app/tests/test_invalid_replacement_feature.py:375: Admin authentication failed</skipped></testcase></testsuite></testsuites>