<?xml version="1.0" encoding="utf-8"?><testsuites name="pytest tests"><testsuite name="pytest" errors="0" failures="0" skipped="0" tests="17" time="6.910" timestamp="2026-01-31T11:05:46.773569+00:00" hostname="agent-env-34e664ae-302b-4bc3-8f58-5ab116da8c2a"><testcase classname="tests.test_invalid_replacement_feature.TestBonanzaInvalidRecordsAPI" name="test_get_invalid_records_endpoint" time="0.592" /><testcase classname="tests.test_invalid_replacement_feature.TestBonanzaInvalidRecordsAPI" name="test_get_archived_invalid_endpoint" time="0.563" /><testcase classname="tests.test_invalid_replacement_feature.TestBonanzaInvalidRecordsAPI" name="test_process_invalid_without_staff_id" time="0.557" /><testcase classname="tests.test_invalid_replacement_feature.TestBonanzaInvalidRecordsAPI" name="test_restore_non_existent_record" time="0.558" /><testcase classname="tests.test_invalid_replacement_feature.TestBonanzaInvalidRecordsAPI" name="test_delete_non_existent_record" time="0.561" /><testcase classname="tests.test_invalid_replacement_feature.TestBonanzaInvalidRecordsAPI" name="test_process_invalid_unauthenticated" time="0.555" /><testcase classname="tests.test_invalid_replacement_feature.TestMemberWDInvalidRecordsAPI" name="test_get_invalid_records_endpoint" time="0.318" /><testcase classname="tests.test_invalid_replacement_feature.TestMemberWDInvalidRecordsAPI" name="test_get_archived_invalid_endpoint" time="0.291" /><testcase classname="tests.test_invalid_replacement_feature.TestMemberWDInvalidRecordsAPI" name="test_process_invalid_without_staff_id" time="0.295" /><testcase classname="tests.test_invalid_replacement_feature.TestMemberWDInvalidRecordsAPI" name="test_restore_non_existent_record" time="0.298" /><testcase classname="tests.test_invalid_replacement_feature.TestMemberWDInvalidRecordsAPI" name="test_delete_non_existent_record" time="0.294" /><testcase classname="tests.test_invalid_replacement_feature.TestBonanzaInvalidRecordsIntegration" name="test_full_flow_with_existing_invalid_records" time="0.399" /><testcase classname="tests.test_invalid_replacement_feature.TestBonanzaInvalidRecordsIntegration" name="test_restore_and_delete_archived_record" time="0.333" /><testcase classname="tests.test_invalid_replacement_feature.TestArchivedRecordsResponseFormat" name="test_bonanza_archived_response_structure" time="0.294" /><testcase classname="tests.test_invalid_replacement_feature.TestArchivedRecordsResponseFormat" name="test_memberwd_archived_response_structure" time="0.294" /><testcase classname="tests.test_invalid_replacement_feature.TestArchivedRecordsResponseFormat" name="test_bonanza_invalid_records_response_structure" time="0.335" /><testcase classname="tests.test_invalid_replacement_feature.TestArchivedRecordsResponseFormat" name="test_memberwd_invalid_records_response_structure" time="0.299" /></testsuite></testsuites>