<?xml version="1.0" encoding="utf-8"?><testsuites name="pytest tests"><testsuite name="pytest" errors="0" failures="0" skipped="0" tests="5" time="1.053" timestamp="2026-02-05T09:24:57.731675+00:00" hostname="agent-env-4231eed8-3ee1-49f8-94f8-8c45729becf1"><testcase classname="backend.tests.test_invalidation_e2e.TestE2EInvalidationFlow" name="test_01_full_invalidation_flow_via_approve" time="0.600" /><testcase classname="backend.tests.test_invalidation_e2e.TestE2EInvalidationFlow" name="test_02_full_invalidation_flow_via_bulk" time="0.242" /><testcase classname="backend.tests.test_invalidation_e2e.TestE2EInvalidationFlow" name="test_03_duplicate_reservation_rejected" time="0.142" /><testcase classname="backend.tests.test_invalidation_e2e.TestE2EInvalidationFlow" name="test_04_verify_invalidation_code_structure" time="0.000" /><testcase classname="backend.tests.test_invalidation_e2e.TestE2EInvalidationFlow" name="test_05_verify_integration_points" time="0.000" /></testsuite></testsuites>