<?xml version="1.0" encoding="utf-8"?><testsuites name="pytest tests"><testsuite name="pytest" errors="3" failures="0" skipped="0" tests="20" time="1.584" timestamp="2026-02-05T09:23:34.228503+00:00" hostname="agent-env-4231eed8-3ee1-49f8-94f8-8c45729becf1"><testcase classname="backend.tests.test_invalidation_feature.TestInvalidationFeature" name="test_01_approve_endpoint_exists" time="0.391" /><testcase classname="backend.tests.test_invalidation_feature.TestInvalidationFeature" name="test_02_create_reserved_member_endpoint_exists" time="0.082"><error message="failed on setup with &quot;AssertionError: Failed to create Staff A: {&quot;detail&quot;:&quot;Method Not Allowed&quot;}&#10;assert 405 in [200, 201]&#10; +  where 405 = &lt;Response [405]&gt;.status_code&quot;">backend/tests/test_invalidation_feature.py:88: in staff_a
    assert response.status_code in [200, 201], f"Failed to create Staff A: {response.text}"
E   AssertionError: Failed to create Staff A: {"detail":"Method Not Allowed"}
E   assert 405 in [200, 201]
E    +  where 405 = &lt;Response [405]&gt;.status_code</error></testcase><testcase classname="backend.tests.test_invalidation_feature.TestInvalidationFeature" name="test_03_bulk_create_endpoint_exists" time="0.000"><error message="failed on setup with &quot;AssertionError: Failed to create Staff A: {&quot;detail&quot;:&quot;Method Not Allowed&quot;}&#10;assert 405 in [200, 201]&#10; +  where 405 = &lt;Response [405]&gt;.status_code&quot;">backend/tests/test_invalidation_feature.py:88: in staff_a
    assert response.status_code in [200, 201], f"Failed to create Staff A: {response.text}"
E   AssertionError: Failed to create Staff A: {"detail":"Method Not Allowed"}
E   assert 405 in [200, 201]
E    +  where 405 = &lt;Response [405]&gt;.status_code</error></testcase><testcase classname="backend.tests.test_invalidation_feature.TestInvalidationFeature" name="test_04_helper_function_exists_in_code" time="0.000" /><testcase classname="backend.tests.test_invalidation_feature.TestInvalidationFeature" name="test_05_helper_called_in_approve_endpoint" time="0.000" /><testcase classname="backend.tests.test_invalidation_feature.TestInvalidationFeature" name="test_06_helper_called_in_create_endpoint" time="0.000" /><testcase classname="backend.tests.test_invalidation_feature.TestInvalidationFeature" name="test_07_helper_called_in_bulk_endpoint" time="0.000" /><testcase classname="backend.tests.test_invalidation_feature.TestInvalidationFeature" name="test_08_helper_checks_all_three_collections" time="0.000" /><testcase classname="backend.tests.test_invalidation_feature.TestInvalidationFeature" name="test_09_helper_marks_records_as_invalid" time="0.000" /><testcase classname="backend.tests.test_invalidation_feature.TestInvalidationFeature" name="test_10_helper_creates_notification" time="0.000" /><testcase classname="backend.tests.test_invalidation_feature.TestInvalidationFeature" name="test_11_helper_only_invalidates_other_staff_records" time="0.000" /><testcase classname="backend.tests.test_invalidation_feature.TestInvalidationFeature" name="test_12_approve_flow_returns_invalidation_info" time="0.000"><error message="failed on setup with &quot;AssertionError: Failed to create Staff A: {&quot;detail&quot;:&quot;Method Not Allowed&quot;}&#10;assert 405 in [200, 201]&#10; +  where 405 = &lt;Response [405]&gt;.status_code&quot;">backend/tests/test_invalidation_feature.py:88: in staff_a
    assert response.status_code in [200, 201], f"Failed to create Staff A: {response.text}"
E   AssertionError: Failed to create Staff A: {"detail":"Method Not Allowed"}
E   assert 405 in [200, 201]
E    +  where 405 = &lt;Response [405]&gt;.status_code</error></testcase><testcase classname="backend.tests.test_invalidation_feature.TestInvalidationFeature" name="test_13_bulk_endpoint_returns_invalidation_info" time="0.000" /><testcase classname="backend.tests.test_invalidation_feature.TestInvalidationFeature" name="test_14_notifications_endpoint_exists" time="0.053" /><testcase classname="backend.tests.test_invalidation_feature.TestInvalidationFeature" name="test_15_e2e_scenario_code_path" time="0.000" /><testcase classname="backend.tests.test_invalidation_feature.TestInvalidationAPIIntegration" name="test_16_create_reservation_as_admin_auto_approves" time="0.483" /><testcase classname="backend.tests.test_invalidation_feature.TestInvalidationAPIIntegration" name="test_17_bulk_create_returns_success" time="0.198" /><testcase classname="backend.tests.test_invalidation_feature.TestInvalidationAPIIntegration" name="test_18_approve_pending_reservation" time="0.129" /><testcase classname="backend.tests.test_invalidation_feature.TestInvalidationNotifications" name="test_19_notification_type_exists_in_code" time="0.000" /><testcase classname="backend.tests.test_invalidation_feature.TestInvalidationNotifications" name="test_20_notification_includes_customer_info" time="0.000" /></testsuite></testsuites>