<?xml version="1.0" encoding="utf-8"?><testsuites name="pytest tests"><testsuite name="pytest" errors="0" failures="0" skipped="0" tests="19" time="3.106" timestamp="2026-01-18T17:39:43.525414+00:00" hostname="agent-env-b9ba1eb7-8877-4d6f-b231-196be8e6673e"><testcase classname="tests.test_inventory.TestInventoryAuth" name="test_get_inventory_requires_auth" time="0.096" /><testcase classname="tests.test_inventory.TestInventoryAuth" name="test_post_inventory_requires_auth" time="0.037" /><testcase classname="tests.test_inventory.TestInventoryAuth" name="test_inventory_requires_admin_role" time="0.299" /><testcase classname="tests.test_inventory.TestInventoryList" name="test_get_inventory_returns_items_and_stats" time="0.310" /><testcase classname="tests.test_inventory.TestInventoryList" name="test_filter_by_category" time="0.040" /><testcase classname="tests.test_inventory.TestInventoryList" name="test_filter_by_status" time="0.041" /><testcase classname="tests.test_inventory.TestInventoryList" name="test_search_by_name" time="0.054" /><testcase classname="tests.test_inventory.TestInventoryCRUD" name="test_create_item" time="0.040" /><testcase classname="tests.test_inventory.TestInventoryCRUD" name="test_get_single_item" time="0.117" /><testcase classname="tests.test_inventory.TestInventoryCRUD" name="test_get_nonexistent_item" time="0.044" /><testcase classname="tests.test_inventory.TestInventoryCRUD" name="test_update_item" time="0.200" /><testcase classname="tests.test_inventory.TestInventoryCRUD" name="test_delete_available_item" time="0.114" /><testcase classname="tests.test_inventory.TestInventoryAssignment" name="test_assign_item_to_staff" time="0.235" /><testcase classname="tests.test_inventory.TestInventoryAssignment" name="test_cannot_assign_already_assigned_item" time="0.199" /><testcase classname="tests.test_inventory.TestInventoryAssignment" name="test_assign_to_nonexistent_staff" time="0.198" /><testcase classname="tests.test_inventory.TestInventoryAssignment" name="test_return_item" time="0.262" /><testcase classname="tests.test_inventory.TestInventoryAssignment" name="test_cannot_return_available_item" time="0.156" /><testcase classname="tests.test_inventory.TestInventoryAssignment" name="test_cannot_delete_assigned_item" time="0.279" /><testcase classname="tests.test_inventory.TestInventoryHistory" name="test_history_shows_assignments" time="0.247" /></testsuite></testsuites>