<?xml version="1.0" encoding="utf-8"?><testsuites name="pytest tests"><testsuite name="pytest" errors="0" failures="0" skipped="0" tests="12" time="2.169" timestamp="2026-02-17T09:34:17.011799+00:00" hostname="agent-env-6137ec11-e9f7-466c-8f2e-68273f040988"><testcase classname="backend.tests.test_izin_overage_fees.TestIzinOverageFeeAPI" name="test_api_returns_izin_limit_minutes" time="0.944" /><testcase classname="backend.tests.test_izin_overage_fees.TestIzinOverageFeeAPI" name="test_api_returns_total_izin_overage_minutes" time="0.101" /><testcase classname="backend.tests.test_izin_overage_fees.TestIzinOverageFeeAPI" name="test_staff_fees_include_izin_overage_records" time="0.070" /><testcase classname="backend.tests.test_izin_overage_fees.TestIzinOverageCalculation" name="test_overage_calculated_for_over_30_minutes" time="0.147" /><testcase classname="backend.tests.test_izin_overage_fees.TestIzinOverageCalculation" name="test_no_overage_for_under_30_minutes" time="0.226" /><testcase classname="backend.tests.test_izin_overage_fees.TestIzinOverageCalculation" name="test_fee_is_5_dollars_per_minute" time="0.104" /><testcase classname="backend.tests.test_izin_overage_fees.TestIzinOverageCalculation" name="test_decimal_precision_for_seconds" time="0.123" /><testcase classname="backend.tests.test_izin_overage_fees.TestIzinOverageStaffFeeStructure" name="test_staff_fee_has_total_izin_overage_minutes" time="0.099" /><testcase classname="backend.tests.test_izin_overage_fees.TestIzinOverageStaffFeeStructure" name="test_staff_fee_has_izin_overage_days" time="0.067" /><testcase classname="backend.tests.test_izin_overage_fees.TestIzinOverageStaffFeeStructure" name="test_izin_overage_record_structure" time="0.106" /><testcase classname="backend.tests.test_izin_overage_fees.TestIzinOverageStaffFeeStructure" name="test_izin_overage_fee_included_in_total_fee" time="0.060" /><testcase classname="backend.tests.test_izin_overage_fees.TestCleanup" name="test_verify_test_data_created" time="0.002" /></testsuite></testsuites>