<?xml version="1.0" encoding="utf-8"?><testsuites name="pytest tests"><testsuite name="pytest" errors="0" failures="1" skipped="0" tests="26" time="4.596" timestamp="2026-01-14T14:10:40.547864+00:00" hostname="agent-env-22173bb3-4ff2-4d56-a55d-eb299d6b2e57"><testcase classname="tests.test_leave_system.TestLeaveSystemSetup" name="test_admin_login" time="0.318" /><testcase classname="tests.test_leave_system.TestLeaveSystemSetup" name="test_staff_login" time="0.265" /><testcase classname="tests.test_leave_system.TestLeaveBalance" name="test_get_leave_balance_current_month" time="0.298" /><testcase classname="tests.test_leave_system.TestLeaveBalance" name="test_get_leave_balance_specific_month" time="0.042" /><testcase classname="tests.test_leave_system.TestLeaveBalance" name="test_leave_balance_requires_auth" time="0.035" /><testcase classname="tests.test_leave_system.TestStaffLeaveRequests" name="test_get_my_requests" time="0.304" /><testcase classname="tests.test_leave_system.TestStaffLeaveRequests" name="test_create_off_day_request" time="0.080" /><testcase classname="tests.test_leave_system.TestStaffLeaveRequests" name="test_create_sakit_request" time="0.077" /><testcase classname="tests.test_leave_system.TestStaffLeaveRequests" name="test_sakit_requires_time_range" time="0.036" /><testcase classname="tests.test_leave_system.TestStaffLeaveRequests" name="test_invalid_leave_type" time="0.036" /><testcase classname="tests.test_leave_system.TestStaffLeaveRequests" name="test_duplicate_request_rejected" time="0.073"><failure message="assert 'already have a leave request' in '{&quot;detail&quot;:&quot;Insufficient leave balance. Available: 0 hours, Requested: 12 hours&quot;}'&#10; +  where '{&quot;detail&quot;:&quot;Insufficient leave balance. Available: 0 hours, Requested: 12 hours&quot;}' = &lt;Response [400]&gt;.text">tests/test_leave_system.py:301: in test_duplicate_request_rejected
    assert "already have a leave request" in response.text
E   assert 'already have a leave request' in '{"detail":"Insufficient leave balance. Available: 0 hours, Requested: 12 hours"}'
E    +  where '{"detail":"Insufficient leave balance. Available: 0 hours, Requested: 12 hours"}' = &lt;Response [400]&gt;.text</failure></testcase><testcase classname="tests.test_leave_system.TestCancelLeaveRequest" name="test_cancel_pending_request" time="0.341" /><testcase classname="tests.test_leave_system.TestCancelLeaveRequest" name="test_cannot_cancel_approved_request" time="0.112" /><testcase classname="tests.test_leave_system.TestAdminLeaveRequests" name="test_admin_get_all_requests" time="0.299" /><testcase classname="tests.test_leave_system.TestAdminLeaveRequests" name="test_admin_filter_by_status" time="0.151" /><testcase classname="tests.test_leave_system.TestAdminLeaveRequests" name="test_admin_approve_request" time="0.382" /><testcase classname="tests.test_leave_system.TestAdminLeaveRequests" name="test_admin_reject_request" time="0.034" /><testcase classname="tests.test_leave_system.TestAdminLeaveRequests" name="test_admin_get_staff_balance" time="0.293" /><testcase classname="tests.test_leave_system.TestAdminLeaveRequests" name="test_cannot_process_already_processed" time="0.069" /><testcase classname="tests.test_leave_system.TestAdminLeaveRequests" name="test_invalid_action_rejected" time="0.042" /><testcase classname="tests.test_leave_system.TestLeaveBalanceCalculation" name="test_balance_reflects_approved_requests" time="0.343" /><testcase classname="tests.test_leave_system.TestLeaveBalanceCalculation" name="test_rejected_requests_dont_affect_balance" time="0.072" /><testcase classname="tests.test_leave_system.TestAccessControl" name="test_staff_cannot_access_all_requests" time="0.294" /><testcase classname="tests.test_leave_system.TestAccessControl" name="test_staff_cannot_approve_requests" time="0.034" /><testcase classname="tests.test_leave_system.TestAccessControl" name="test_staff_cannot_view_other_staff_balance" time="0.033" /><testcase classname="tests.test_leave_system.TestCleanup" name="test_cleanup_test_requests" time="0.336" /></testsuite></testsuites>