<?xml version="1.0" encoding="utf-8"?><testsuites name="pytest tests"><testsuite name="pytest" errors="0" failures="0" skipped="2" tests="22" time="15.310" timestamp="2026-01-21T09:52:01.256619+00:00" hostname="agent-env-f789a5f5-5ea0-407a-bd4d-e8df592effa1"><testcase classname="tests.test_login_logout_relogin_cycle.TestLoginLogoutReloginCycle" name="test_1_login_shows_online" time="0.578" /><testcase classname="tests.test_login_logout_relogin_cycle.TestLoginLogoutReloginCycle" name="test_2_heartbeat_keeps_online" time="2.036" /><testcase classname="tests.test_login_logout_relogin_cycle.TestLoginLogoutReloginCycle" name="test_3_logout_shows_offline" time="0.545" /><testcase classname="tests.test_login_logout_relogin_cycle.TestLoginLogoutReloginCycle" name="test_4_relogin_shows_online_again" time="1.822" /><testcase classname="tests.test_login_logout_relogin_cycle.TestLoginLogoutReloginCycle" name="test_5_activity_after_logout_means_online" time="0.808" /><testcase classname="tests.test_login_logout_relogin_cycle.TestLoginLogoutReloginCycle" name="test_6_logout_after_activity_means_offline" time="1.583" /><testcase classname="tests.test_login_logout_relogin_cycle.TestLoginLogoutReloginCycle" name="test_7_multiple_users_independent_status" time="0.805" /><testcase classname="tests.test_login_logout_relogin_cycle.TestLoginLogoutReloginCycle" name="test_8_timestamps_different_for_different_users" time="2.741" /><testcase classname="tests.test_login_logout_relogin_cycle.TestQRScannerAPI" name="test_attendance_scan_endpoint_exists" time="0.332" /><testcase classname="tests.test_login_logout_relogin_cycle.TestQRScannerAPI" name="test_device_status_endpoint" time="0.307" /><testcase classname="tests.test_heartbeat_isolation.TestHeartbeatIsolation" name="test_heartbeat_returns_correct_user_id" time="0.305" /><testcase classname="tests.test_heartbeat_isolation.TestHeartbeatIsolation" name="test_heartbeat_only_updates_authenticated_user" time="0.270"><skipped type="pytest.skip" message="User A heartbeat rejected: User has recently logged out">/app/tests/test_heartbeat_isolation.py:117: User A heartbeat rejected: User has recently logged out</skipped></testcase><testcase classname="tests.test_heartbeat_isolation.TestHeartbeatIsolation" name="test_multiple_users_different_timestamps" time="0.586"><skipped type="pytest.skip" message="Admin heartbeat rejected: User has recently logged out">/app/tests/test_heartbeat_isolation.py:171: Admin heartbeat rejected: User has recently logged out</skipped></testcase><testcase classname="tests.test_heartbeat_isolation.TestHeartbeatIsolation" name="test_heartbeat_response_structure" time="0.309" /><testcase classname="tests.test_heartbeat_isolation.TestHeartbeatIsolation" name="test_heartbeat_requires_authentication" time="0.041" /><testcase classname="tests.test_heartbeat_isolation.TestUserActivityEndpoint" name="test_activity_endpoint_returns_correct_data" time="0.272" /><testcase classname="tests.test_heartbeat_isolation.TestUserActivityEndpoint" name="test_activity_requires_admin" time="0.263" /><testcase classname="tests.test_heartbeat_isolation.TestForceOfflineAndReset" name="test_force_all_offline_endpoint" time="0.344" /><testcase classname="tests.test_heartbeat_isolation.TestForceOfflineAndReset" name="test_reset_activity_endpoint" time="0.267" /><testcase classname="tests.test_heartbeat_isolation.TestLogoutBehavior" name="test_logout_sets_timestamp" time="0.507" /><testcase classname="tests.test_heartbeat_isolation.TestStatusCalculation" name="test_status_thresholds_documented" time="0.267" /><testcase classname="tests.test_heartbeat_isolation.TestStatusCalculation" name="test_user_status_values" time="0.263" /></testsuite></testsuites>