<?xml version="1.0" encoding="utf-8"?><testsuites name="pytest tests"><testsuite name="pytest" errors="0" failures="0" skipped="0" tests="30" time="8.793" timestamp="2026-01-14T17:43:46.980758+00:00" hostname="agent-env-b19cb51f-4446-4b9c-a707-78b5064bbd25"><testcase classname="tests.test_modular_routes.TestAuthModule" name="test_admin_login_success" time="0.324" /><testcase classname="tests.test_modular_routes.TestAuthModule" name="test_staff_login_success" time="0.272" /><testcase classname="tests.test_modular_routes.TestAuthModule" name="test_login_invalid_credentials" time="0.037" /><testcase classname="tests.test_modular_routes.TestAuthModule" name="test_auth_me_endpoint" time="0.306" /><testcase classname="tests.test_modular_routes.TestProductsModule" name="test_get_products" time="0.310" /><testcase classname="tests.test_modular_routes.TestProductsModule" name="test_staff_can_get_products" time="0.296" /><testcase classname="tests.test_modular_routes.TestDatabasesModule" name="test_get_databases" time="0.337" /><testcase classname="tests.test_modular_routes.TestDatabasesModule" name="test_get_download_requests" time="0.299" /><testcase classname="tests.test_modular_routes.TestDatabasesModule" name="test_get_reserved_members" time="0.295" /><testcase classname="tests.test_modular_routes.TestOmsetModule" name="test_get_omset_records" time="0.303" /><testcase classname="tests.test_modular_routes.TestOmsetModule" name="test_get_omset_summary" time="0.332" /><testcase classname="tests.test_modular_routes.TestOmsetModule" name="test_get_omset_dates" time="0.341" /><testcase classname="tests.test_modular_routes.TestReportCRMModule" name="test_get_report_crm_data" time="0.297" /><testcase classname="tests.test_modular_routes.TestReportCRMModule" name="test_report_crm_requires_admin" time="0.291" /><testcase classname="tests.test_modular_routes.TestBonusCalculationModule" name="test_get_bonus_config" time="0.302" /><testcase classname="tests.test_modular_routes.TestBonusCalculationModule" name="test_get_bonus_data" time="0.301" /><testcase classname="tests.test_modular_routes.TestLeaveModule" name="test_get_leave_balance" time="0.290" /><testcase classname="tests.test_modular_routes.TestLeaveModule" name="test_get_all_leave_requests_admin" time="0.319" /><testcase classname="tests.test_modular_routes.TestIzinModule" name="test_get_izin_status" time="0.300" /><testcase classname="tests.test_modular_routes.TestIzinModule" name="test_get_izin_today" time="0.288" /><testcase classname="tests.test_modular_routes.TestNotificationsModule" name="test_get_notifications" time="0.296" /><testcase classname="tests.test_modular_routes.TestAnalyticsModule" name="test_get_staff_performance" time="0.301" /><testcase classname="tests.test_modular_routes.TestAnalyticsModule" name="test_analytics_requires_admin" time="0.291" /><testcase classname="tests.test_modular_routes.TestBonanzaModule" name="test_get_bonanza_databases" time="0.299" /><testcase classname="tests.test_modular_routes.TestMemberWDModule" name="test_get_memberwd_databases" time="0.340" /><testcase classname="tests.test_modular_routes.TestServerTimeEndpoint" name="test_server_time" time="0.035" /><testcase classname="tests.test_modular_routes.TestUserPreferencesModule" name="test_get_widget_layout" time="0.337" /><testcase classname="tests.test_modular_routes.TestUserPreferencesModule" name="test_get_sidebar_config" time="0.302" /><testcase classname="tests.test_modular_routes.TestStaffUsersEndpoint" name="test_get_staff_users" time="0.295" /><testcase classname="tests.test_modular_routes.TestLeaveCalendar" name="test_get_leave_calendar" time="0.296" /></testsuite></testsuites>