<?xml version="1.0" encoding="utf-8"?><testsuites name="pytest tests"><testsuite name="pytest" errors="0" failures="0" skipped="0" tests="8" time="6.124" timestamp="2026-02-09T15:27:21.564858+00:00" hostname="agent-env-8ec43ad5-56d4-41ae-8d63-c83a36051b51"><testcase classname="backend.tests.test_ndp_rdp_out_of_order.TestNDPRDPOutOfOrderBugFix" name="test_01_out_of_order_entry_later_date_first" time="0.812" /><testcase classname="backend.tests.test_ndp_rdp_out_of_order.TestNDPRDPOutOfOrderBugFix" name="test_02_in_order_entry_works_correctly" time="0.757" /><testcase classname="backend.tests.test_ndp_rdp_out_of_order.TestNDPRDPOutOfOrderBugFix" name="test_03_multiple_out_of_order_entries" time="0.976" /><testcase classname="backend.tests.test_ndp_rdp_out_of_order.TestNDPRDPOutOfOrderBugFix" name="test_04_tambahan_record_is_always_rdp" time="0.645" /><testcase classname="backend.tests.test_ndp_rdp_out_of_order.TestNDPRDPOutOfOrderBugFix" name="test_05_migrate_normalize_endpoint" time="0.567" /><testcase classname="backend.tests.test_ndp_rdp_out_of_order.TestNDPRDPOutOfOrderBugFix" name="test_06_get_omset_returns_customer_type" time="0.596" /><testcase classname="backend.tests.test_ndp_rdp_out_of_order.TestNDPRDPOutOfOrderBugFix" name="test_07_verify_no_duplicate_ndp_for_same_customer" time="0.863" /><testcase classname="backend.tests.test_ndp_rdp_out_of_order.TestRecalculateFunction" name="test_08_delete_ndp_promotes_next_to_ndp" time="0.781" /></testsuite></testsuites>