<?xml version="1.0" encoding="utf-8"?><testsuites name="pytest tests"><testsuite name="pytest" errors="0" failures="0" skipped="0" tests="10" time="7.859" timestamp="2026-02-23T15:35:24.324876+00:00" hostname="agent-env-5ded4190-a541-4274-894c-c7c807c23844"><testcase classname="backend.tests.test_ndp_rdp_cross_endpoint_consistency.TestNDPRDPCrossEndpointConsistency" name="test_01_all_three_endpoints_return_200" time="1.037" /><testcase classname="backend.tests.test_ndp_rdp_cross_endpoint_consistency.TestNDPRDPCrossEndpointConsistency" name="test_02_omset_summary_vs_report_crm_yearly_totals" time="0.768" /><testcase classname="backend.tests.test_ndp_rdp_cross_endpoint_consistency.TestNDPRDPCrossEndpointConsistency" name="test_03_omset_summary_by_staff_vs_report_monthly_by_staff" time="0.987" /><testcase classname="backend.tests.test_ndp_rdp_cross_endpoint_consistency.TestNDPRDPCrossEndpointConsistency" name="test_04_daily_summary_vs_omset_summary_for_specific_date" time="0.710" /><testcase classname="backend.tests.test_ndp_rdp_cross_endpoint_consistency.TestNDPRDPCrossEndpointConsistency" name="test_05_report_crm_internal_consistency" time="0.511" /><testcase classname="backend.tests.test_ndp_rdp_cross_endpoint_consistency.TestNDPRDPCrossEndpointConsistency" name="test_06_all_three_endpoints_for_same_month_totals" time="1.113" /><testcase classname="backend.tests.test_ndp_rdp_cross_endpoint_consistency.TestNDPRDPCrossEndpointConsistency" name="test_07_verify_fix_in_report_py_code" time="0.363" /><testcase classname="backend.tests.test_ndp_rdp_cross_endpoint_consistency.TestNDPRDPCrossEndpointConsistency" name="test_08_verify_db_operations_single_source_of_truth" time="0.451" /><testcase classname="backend.tests.test_ndp_rdp_cross_endpoint_consistency.TestNDPRDPWithFilters" name="test_09_consistency_with_product_filter" time="0.976" /><testcase classname="backend.tests.test_ndp_rdp_cross_endpoint_consistency.TestNDPRDPWithFilters" name="test_10_consistency_with_staff_filter" time="0.805" /></testsuite></testsuites>