<?xml version="1.0" encoding="utf-8"?><testsuites name="pytest tests"><testsuite name="pytest" errors="0" failures="0" skipped="0" tests="29" time="7.809" timestamp="2026-02-06T17:37:13.741894+00:00" hostname="agent-env-03f4917e-883c-44c0-83e2-d875d966f41a"><testcase classname="backend.tests.test_ndp_rdp_consistency.TestNDPRDPConsistencyEndpoints" name="test_01_omset_summary_returns_200" time="0.390" /><testcase classname="backend.tests.test_ndp_rdp_consistency.TestNDPRDPConsistencyEndpoints" name="test_02_omset_summary_ndp_rdp_structure_in_daily" time="0.361" /><testcase classname="backend.tests.test_ndp_rdp_consistency.TestNDPRDPConsistencyEndpoints" name="test_03_omset_summary_ndp_rdp_structure_in_staff" time="0.313" /><testcase classname="backend.tests.test_ndp_rdp_consistency.TestNDPRDPConsistencyEndpoints" name="test_04_omset_summary_ndp_rdp_structure_in_product" time="0.302" /><testcase classname="backend.tests.test_ndp_rdp_consistency.TestNDPRDPConsistencyEndpoints" name="test_05_omset_summary_consistency_check" time="0.307" /><testcase classname="backend.tests.test_ndp_rdp_consistency.TestNDPRDPConsistencyEndpoints" name="test_06_daily_summary_generate_returns_200" time="0.336" /><testcase classname="backend.tests.test_ndp_rdp_consistency.TestNDPRDPConsistencyEndpoints" name="test_07_daily_summary_generate_consistency" time="0.307" /><testcase classname="backend.tests.test_ndp_rdp_consistency.TestNDPRDPConsistencyEndpoints" name="test_08_leaderboard_returns_200" time="0.299" /><testcase classname="backend.tests.test_ndp_rdp_consistency.TestNDPRDPConsistencyEndpoints" name="test_09_leaderboard_ndp_rdp_structure" time="0.308" /><testcase classname="backend.tests.test_ndp_rdp_consistency.TestNDPRDPConsistencyEndpoints" name="test_10_bonus_calculation_returns_200" time="0.302" /><testcase classname="backend.tests.test_ndp_rdp_consistency.TestNDPRDPConsistencyEndpoints" name="test_11_bonus_calculation_ndp_rdp_structure" time="0.305" /><testcase classname="backend.tests.test_ndp_rdp_consistency.TestNDPRDPConsistencyEndpoints" name="test_12_analytics_business_returns_200" time="0.374" /><testcase classname="backend.tests.test_ndp_rdp_consistency.TestNDPRDPConsistencyEndpoints" name="test_13_analytics_business_ndp_rdp_structure" time="0.324" /><testcase classname="backend.tests.test_ndp_rdp_consistency.TestNDPRDPConsistencyEndpoints" name="test_14_ndp_rdp_stats_returns_200" time="0.352" /><testcase classname="backend.tests.test_ndp_rdp_consistency.TestNDPRDPConsistencyEndpoints" name="test_15_record_types_returns_200" time="0.370" /><testcase classname="backend.tests.test_ndp_rdp_consistency.TestNDPRDPConsistencyEndpoints" name="test_16_report_crm_returns_200" time="0.333" /><testcase classname="backend.tests.test_ndp_rdp_consistency.TestNDPRDPConsistencyEndpoints" name="test_17_report_crm_ndp_rdp_structure" time="0.307" /><testcase classname="backend.tests.test_ndp_rdp_consistency.TestNDPRDPConsistencyEndpoints" name="test_18_retention_overview_returns_200" time="0.332" /><testcase classname="backend.tests.test_ndp_rdp_consistency.TestNDPRDPConsistencyEndpoints" name="test_19_retention_by_product_returns_200" time="0.300" /><testcase classname="backend.tests.test_ndp_rdp_consistency.TestNDPRDPConsistencyEndpoints" name="test_20_daily_summary_get_returns_200" time="0.321" /><testcase classname="backend.tests.test_ndp_rdp_consistency.TestNDPRDPEdgeCases" name="test_21_empty_date_range_handling" time="0.332" /><testcase classname="backend.tests.test_ndp_rdp_consistency.TestNDPRDPEdgeCases" name="test_22_product_filter_consistency" time="0.416" /><testcase classname="backend.tests.test_ndp_rdp_consistency.TestNDPRDPEdgeCases" name="test_23_staff_filter_consistency" time="0.346" /><testcase classname="backend.tests.test_ndp_rdp_consistency.TestNDPRDPCodeReview" name="test_24_omset_route_uses_staff_specific_tracking" time="0.000" /><testcase classname="backend.tests.test_ndp_rdp_consistency.TestNDPRDPCodeReview" name="test_25_daily_summary_route_uses_staff_specific_tracking" time="0.000" /><testcase classname="backend.tests.test_ndp_rdp_consistency.TestNDPRDPCodeReview" name="test_26_leaderboard_route_uses_staff_specific_tracking" time="0.000" /><testcase classname="backend.tests.test_ndp_rdp_consistency.TestNDPRDPCodeReview" name="test_27_bonus_route_uses_staff_specific_tracking" time="0.000" /><testcase classname="backend.tests.test_ndp_rdp_consistency.TestNDPRDPCodeReview" name="test_28_analytics_route_uses_staff_specific_tracking" time="0.000" /><testcase classname="backend.tests.test_ndp_rdp_consistency.TestNDPRDPCodeReview" name="test_29_tambahan_records_handled_as_rdp" time="0.001" /></testsuite></testsuites>