<?xml version="1.0" encoding="utf-8"?><testsuites name="pytest tests"><testsuite name="pytest" errors="0" failures="2" skipped="0" tests="31" time="10.714" timestamp="2026-01-14T20:39:49.497896+00:00" hostname="agent-env-cfdcbad6-2872-48fc-8183-0faefb47ef15"><testcase classname="tests.test_new_features.TestAuth" name="test_admin_login" time="0.303" /><testcase classname="tests.test_new_features.TestAuth" name="test_staff_login" time="0.261" /><testcase classname="tests.test_new_features.TestDailySummary" name="test_get_daily_summary_admin" time="0.299" /><testcase classname="tests.test_new_features.TestDailySummary" name="test_get_daily_summary_staff" time="0.336" /><testcase classname="tests.test_new_features.TestDailySummary" name="test_get_daily_summary_history" time="0.314" /><testcase classname="tests.test_new_features.TestConversionFunnel" name="test_get_funnel_overview" time="0.296" /><testcase classname="tests.test_new_features.TestConversionFunnel" name="test_get_funnel_by_product" time="0.295" /><testcase classname="tests.test_new_features.TestConversionFunnel" name="test_get_funnel_by_staff_admin_only" time="0.586" /><testcase classname="tests.test_new_features.TestConversionFunnel" name="test_get_funnel_trend" time="0.301" /><testcase classname="tests.test_new_features.TestCustomerRetention" name="test_get_retention_overview" time="0.292" /><testcase classname="tests.test_new_features.TestCustomerRetention" name="test_get_retention_customers" time="0.303" /><testcase classname="tests.test_new_features.TestCustomerRetention" name="test_get_retention_customers_filtered" time="0.369" /><testcase classname="tests.test_new_features.TestCustomerRetention" name="test_get_retention_trend" time="0.293" /><testcase classname="tests.test_new_features.TestCustomerRetention" name="test_get_retention_by_product" time="0.298" /><testcase classname="tests.test_new_features.TestCustomerRetention" name="test_get_retention_by_staff_admin_only" time="0.607" /><testcase classname="tests.test_new_features.TestCustomerRetention" name="test_get_retention_alerts" time="0.378" /><testcase classname="tests.test_new_features.TestCustomerRetention" name="test_get_alerts_by_staff_admin_only" time="0.599" /><testcase classname="tests.test_new_features.TestGlobalSearch" name="test_search_basic" time="0.294" /><testcase classname="tests.test_new_features.TestGlobalSearch" name="test_search_empty_query" time="0.297"><failure message="assert 422 in [200, 400]&#10; +  where 422 = &lt;Response [422]&gt;.status_code">tests/test_new_features.py:302: in test_search_empty_query
    assert response.status_code in [200, 400]
E   assert 422 in [200, 400]
E    +  where 422 = &lt;Response [422]&gt;.status_code</failure></testcase><testcase classname="tests.test_new_features.TestGlobalSearch" name="test_search_staff_access" time="0.297" /><testcase classname="tests.test_new_features.TestLeaderboard" name="test_get_leaderboard" time="0.298" /><testcase classname="tests.test_new_features.TestLeaderboard" name="test_get_leaderboard_with_period" time="0.385" /><testcase classname="tests.test_new_features.TestLeaderboard" name="test_get_leaderboard_targets" time="0.296"><failure message="AssertionError: assert 'targets' in {'daily_ndp': 10, 'daily_rdp': 15, 'monthly_omset': 100000000}">tests/test_new_features.py:361: in test_get_leaderboard_targets
    assert "targets" in data
E   AssertionError: assert 'targets' in {'daily_ndp': 10, 'daily_rdp': 15, 'monthly_omset': 100000000}</failure></testcase><testcase classname="tests.test_new_features.TestLeaderboard" name="test_staff_can_access_leaderboard" time="0.296" /><testcase classname="tests.test_new_features.TestSidebarConfig" name="test_get_sidebar_config" time="0.301" /><testcase classname="tests.test_new_features.TestSidebarConfig" name="test_save_sidebar_config" time="0.292" /><testcase classname="tests.test_new_features.TestExistingEndpoints" name="test_products_endpoint" time="0.298" /><testcase classname="tests.test_new_features.TestExistingEndpoints" name="test_databases_endpoint" time="0.337" /><testcase classname="tests.test_new_features.TestExistingEndpoints" name="test_omset_endpoint" time="0.301" /><testcase classname="tests.test_new_features.TestExistingEndpoints" name="test_report_crm_endpoint" time="0.352" /><testcase classname="tests.test_new_features.TestExistingEndpoints" name="test_server_time_endpoint" time="0.346" /></testsuite></testsuites>