<?xml version="1.0" encoding="utf-8"?><testsuites name="pytest tests"><testsuite name="pytest" errors="0" failures="0" skipped="0" tests="38" time="8.481" timestamp="2026-02-14T13:56:51.617884+00:00" hostname="agent-env-3a03f72f-2ab3-4b01-b8a3-2c687bc07002"><testcase classname="backend.tests.test_new_analytics_charts.TestResponseTimeByStaff" name="test_endpoint_returns_200" time="0.572" /><testcase classname="backend.tests.test_new_analytics_charts.TestResponseTimeByStaff" name="test_response_structure" time="0.188" /><testcase classname="backend.tests.test_new_analytics_charts.TestResponseTimeByStaff" name="test_data_fields" time="0.171" /><testcase classname="backend.tests.test_new_analytics_charts.TestResponseTimeByStaff" name="test_period_filter" time="0.681" /><testcase classname="backend.tests.test_new_analytics_charts.TestResponseTimeByStaff" name="test_product_filter" time="0.109" /><testcase classname="backend.tests.test_new_analytics_charts.TestResponseTimeByStaff" name="test_auth_required" time="0.121" /><testcase classname="backend.tests.test_new_analytics_charts.TestFollowupEffectiveness" name="test_endpoint_returns_200" time="0.126" /><testcase classname="backend.tests.test_new_analytics_charts.TestFollowupEffectiveness" name="test_response_structure" time="0.118" /><testcase classname="backend.tests.test_new_analytics_charts.TestFollowupEffectiveness" name="test_data_fields" time="0.117" /><testcase classname="backend.tests.test_new_analytics_charts.TestFollowupEffectiveness" name="test_period_filter" time="0.340" /><testcase classname="backend.tests.test_new_analytics_charts.TestFollowupEffectiveness" name="test_product_filter" time="0.130" /><testcase classname="backend.tests.test_new_analytics_charts.TestFollowupEffectiveness" name="test_auth_required" time="0.130" /><testcase classname="backend.tests.test_new_analytics_charts.TestProductPerformance" name="test_endpoint_returns_200" time="0.115" /><testcase classname="backend.tests.test_new_analytics_charts.TestProductPerformance" name="test_response_structure" time="0.109" /><testcase classname="backend.tests.test_new_analytics_charts.TestProductPerformance" name="test_data_fields" time="0.135" /><testcase classname="backend.tests.test_new_analytics_charts.TestProductPerformance" name="test_period_filter" time="0.619" /><testcase classname="backend.tests.test_new_analytics_charts.TestProductPerformance" name="test_auth_required" time="0.105" /><testcase classname="backend.tests.test_new_analytics_charts.TestCustomerValueComparison" name="test_endpoint_returns_200" time="0.240" /><testcase classname="backend.tests.test_new_analytics_charts.TestCustomerValueComparison" name="test_response_structure" time="0.230" /><testcase classname="backend.tests.test_new_analytics_charts.TestCustomerValueComparison" name="test_staff_data_fields" time="0.113" /><testcase classname="backend.tests.test_new_analytics_charts.TestCustomerValueComparison" name="test_summary_fields" time="0.114" /><testcase classname="backend.tests.test_new_analytics_charts.TestCustomerValueComparison" name="test_daily_chart_fields" time="0.107" /><testcase classname="backend.tests.test_new_analytics_charts.TestCustomerValueComparison" name="test_period_and_product_filters" time="0.133" /><testcase classname="backend.tests.test_new_analytics_charts.TestCustomerValueComparison" name="test_auth_required" time="0.108" /><testcase classname="backend.tests.test_new_analytics_charts.TestDepositTrends" name="test_endpoint_returns_200" time="0.701" /><testcase classname="backend.tests.test_new_analytics_charts.TestDepositTrends" name="test_response_structure" time="0.126" /><testcase classname="backend.tests.test_new_analytics_charts.TestDepositTrends" name="test_default_granularity_is_daily" time="0.108" /><testcase classname="backend.tests.test_new_analytics_charts.TestDepositTrends" name="test_chart_data_fields" time="0.113" /><testcase classname="backend.tests.test_new_analytics_charts.TestDepositTrends" name="test_summary_fields" time="0.169" /><testcase classname="backend.tests.test_new_analytics_charts.TestDepositTrends" name="test_granularity_daily" time="0.110" /><testcase classname="backend.tests.test_new_analytics_charts.TestDepositTrends" name="test_granularity_weekly" time="0.117" /><testcase classname="backend.tests.test_new_analytics_charts.TestDepositTrends" name="test_granularity_monthly" time="0.165" /><testcase classname="backend.tests.test_new_analytics_charts.TestDepositTrends" name="test_period_filter" time="0.357" /><testcase classname="backend.tests.test_new_analytics_charts.TestDepositTrends" name="test_product_filter" time="0.100" /><testcase classname="backend.tests.test_new_analytics_charts.TestDepositTrends" name="test_combined_filters" time="0.108" /><testcase classname="backend.tests.test_new_analytics_charts.TestDepositTrends" name="test_auth_required" time="0.106" /><testcase classname="backend.tests.test_new_analytics_charts.TestAllEndpointsIntegration" name="test_all_endpoints_with_same_period" time="0.590" /><testcase classname="backend.tests.test_new_analytics_charts.TestAllEndpointsIntegration" name="test_all_endpoints_with_filters" time="0.449" /></testsuite></testsuites>