<?xml version="1.0" encoding="utf-8"?><testsuites name="pytest tests"><testsuite name="pytest" errors="0" failures="0" skipped="0" tests="28" time="1.978" timestamp="2026-01-13T17:41:25.079520+00:00" hostname="agent-env-740d1fac-d835-4941-9129-bee8372bea23"><testcase classname="tests.test_new_features.TestNotificationEndpoints" name="test_get_notifications_admin" time="0.333" /><testcase classname="tests.test_new_features.TestNotificationEndpoints" name="test_get_notifications_staff" time="0.302" /><testcase classname="tests.test_new_features.TestNotificationEndpoints" name="test_get_notifications_with_limit" time="0.040" /><testcase classname="tests.test_new_features.TestNotificationEndpoints" name="test_get_notifications_unread_only" time="0.039" /><testcase classname="tests.test_new_features.TestNotificationEndpoints" name="test_mark_all_notifications_read" time="0.042" /><testcase classname="tests.test_new_features.TestNotificationEndpoints" name="test_mark_notification_read_not_found" time="0.034" /><testcase classname="tests.test_new_features.TestNotificationEndpoints" name="test_delete_notification_not_found" time="0.047" /><testcase classname="tests.test_new_features.TestEditProductBonanza" name="test_edit_product_requires_admin" time="0.069" /><testcase classname="tests.test_new_features.TestEditProductBonanza" name="test_edit_product_invalid_product" time="0.077" /><testcase classname="tests.test_new_features.TestEditProductBonanza" name="test_edit_product_invalid_database" time="0.038" /><testcase classname="tests.test_new_features.TestEditProductMemberWD" name="test_edit_product_requires_admin" time="0.034" /><testcase classname="tests.test_new_features.TestEditProductMemberWD" name="test_edit_product_invalid_product" time="0.076" /><testcase classname="tests.test_new_features.TestEditProductMemberWD" name="test_edit_product_invalid_database" time="0.037" /><testcase classname="tests.test_new_features.TestBulkRequestOperations" name="test_bulk_requests_requires_admin" time="0.037" /><testcase classname="tests.test_new_features.TestBulkRequestOperations" name="test_bulk_requests_invalid_action" time="0.038" /><testcase classname="tests.test_new_features.TestBulkRequestOperations" name="test_bulk_approve_empty_list" time="0.043" /><testcase classname="tests.test_new_features.TestBulkRequestOperations" name="test_bulk_reject_empty_list" time="0.035" /><testcase classname="tests.test_new_features.TestBulkRequestOperations" name="test_bulk_approve_nonexistent_requests" time="0.037" /><testcase classname="tests.test_new_features.TestBulkDeleteRecords" name="test_bulk_delete_bonanza_requires_admin" time="0.033" /><testcase classname="tests.test_new_features.TestBulkDeleteRecords" name="test_bulk_delete_memberwd_requires_admin" time="0.042" /><testcase classname="tests.test_new_features.TestBulkDeleteRecords" name="test_bulk_delete_bonanza_empty_list" time="0.038" /><testcase classname="tests.test_new_features.TestBulkDeleteRecords" name="test_bulk_delete_memberwd_empty_list" time="0.040" /><testcase classname="tests.test_new_features.TestBulkDeleteRecords" name="test_bulk_delete_bonanza_nonexistent" time="0.039" /><testcase classname="tests.test_new_features.TestBulkDeleteRecords" name="test_bulk_delete_memberwd_nonexistent" time="0.037" /><testcase classname="tests.test_new_features.TestExistingEndpointsStillWork" name="test_get_products" time="0.044" /><testcase classname="tests.test_new_features.TestExistingEndpointsStillWork" name="test_get_bonanza_databases" time="0.043" /><testcase classname="tests.test_new_features.TestExistingEndpointsStillWork" name="test_get_memberwd_databases" time="0.044" /><testcase classname="tests.test_new_features.TestExistingEndpointsStillWork" name="test_get_download_requests" time="0.119" /></testsuite></testsuites>