<?xml version="1.0" encoding="utf-8"?><testsuites name="pytest tests"><testsuite name="pytest" errors="0" failures="0" skipped="0" tests="8" time="7.387" timestamp="2026-02-20T14:12:07.197347+00:00" hostname="agent-env-6137ec11-e9f7-466c-8f2e-68273f040988"><testcase classname="backend.tests.test_per_database_auto_approve.TestPerDatabaseAutoApprove" name="test_01_set_auto_approve_false_stores_bool_false" time="0.937" /><testcase classname="backend.tests.test_per_database_auto_approve.TestPerDatabaseAutoApprove" name="test_02_set_auto_approve_true_stores_bool_true" time="0.726" /><testcase classname="backend.tests.test_per_database_auto_approve.TestPerDatabaseAutoApprove" name="test_03_get_databases_returns_auto_approve_field" time="0.845" /><testcase classname="backend.tests.test_per_database_auto_approve.TestPerDatabaseAutoApprove" name="test_04_manual_database_with_global_on_returns_pending" time="0.878" /><testcase classname="backend.tests.test_per_database_auto_approve.TestPerDatabaseAutoApprove" name="test_05_auto_database_with_global_on_returns_approved" time="0.887" /><testcase classname="backend.tests.test_per_database_auto_approve.TestPerDatabaseAutoApprove" name="test_06_global_off_returns_pending_regardless_of_per_database" time="0.948" /><testcase classname="backend.tests.test_per_database_auto_approve.TestPerDatabaseAutoApprove" name="test_07_database_none_follows_global_setting" time="1.048" /><testcase classname="backend.tests.test_per_database_auto_approve.TestPerDatabaseAutoApprove" name="test_08_verify_auto_approve_persisted_in_mongodb" time="1.009" /></testsuite></testsuites>