<?xml version="1.0" encoding="utf-8"?><testsuites name="pytest tests"><testsuite name="pytest" errors="0" failures="0" skipped="0" tests="9" time="6.300" timestamp="2026-02-15T11:05:59.505322+00:00" hostname="agent-env-3a03f72f-2ab3-4b01-b8a3-2c687bc07002"><testcase classname="backend.tests.test_permanent_toggle.TestPermanentToggleFeature" name="test_toggle_permanent_on" time="1.026" /><testcase classname="backend.tests.test_permanent_toggle.TestPermanentToggleFeature" name="test_toggle_permanent_off" time="0.722" /><testcase classname="backend.tests.test_permanent_toggle.TestPermanentToggleFeature" name="test_get_reserved_members_returns_is_permanent" time="0.430" /><testcase classname="backend.tests.test_permanent_toggle.TestPermanentToggleFeature" name="test_permanent_endpoint_requires_admin" time="0.873" /><testcase classname="backend.tests.test_permanent_toggle.TestPermanentToggleFeature" name="test_toggle_permanent_404_not_found" time="0.440" /><testcase classname="backend.tests.test_permanent_toggle.TestPermanentToggleFeature" name="test_cleanup_preview_includes_permanent_members_count" time="0.461" /><testcase classname="backend.tests.test_permanent_toggle.TestPermanentToggleFeature" name="test_cleanup_skips_permanent_members" time="0.556" /><testcase classname="backend.tests.test_permanent_toggle.TestPermanentMemberDisplay" name="test_is_permanent_field_in_reserved_members_list" time="1.200" /><testcase classname="backend.tests.test_permanent_toggle.TestPermanentMemberDisplay" name="test_permanent_filter_by_status" time="0.488" /></testsuite></testsuites>