<?xml version="1.0" encoding="utf-8"?><testsuites name="pytest tests"><testsuite name="pytest" errors="0" failures="0" skipped="0" tests="12" time="2.563" timestamp="2026-01-16T15:33:25.015321+00:00" hostname="agent-env-2fa8a9a9-1e63-43f8-8dcc-be8d637202c4"><testcase classname="tests.test_phone_number_features.TestAtRiskPhoneLookup" name="test_retention_alerts_returns_phone_number_field" time="0.340" /><testcase classname="tests.test_phone_number_features.TestAtRiskPhoneLookup" name="test_retention_alerts_summary_structure" time="0.042" /><testcase classname="tests.test_phone_number_features.TestAtRiskPhoneLookup" name="test_retention_alerts_with_product_filter" time="0.123" /><testcase classname="tests.test_phone_number_features.TestStaffReservedMembersPhoneRequired" name="test_staff_request_without_phone_fails" time="0.619" /><testcase classname="tests.test_phone_number_features.TestStaffReservedMembersPhoneRequired" name="test_staff_request_with_phone_succeeds" time="0.340" /><testcase classname="tests.test_phone_number_features.TestStaffReservedMembersPhoneRequired" name="test_staff_request_with_whatsapp_link_phone" time="0.348" /><testcase classname="tests.test_phone_number_features.TestAdminReservedMembersPhone" name="test_admin_add_with_phone" time="0.129" /><testcase classname="tests.test_phone_number_features.TestAdminReservedMembersPhone" name="test_admin_add_without_phone" time="0.111" /><testcase classname="tests.test_phone_number_features.TestAdminReservedMembersPhone" name="test_get_reserved_members_includes_phone" time="0.110" /><testcase classname="tests.test_phone_number_features.TestReservedMembersAPIPhoneParameter" name="test_post_reserved_members_accepts_phone_number" time="0.080" /><testcase classname="tests.test_phone_number_features.TestReservedMembersAPIPhoneParameter" name="test_phone_number_persists_after_approval" time="0.164" /><testcase classname="tests.test_phone_number_features.TestCleanup" name="test_cleanup_test_data" time="0.039" /></testsuite></testsuites>