<?xml version="1.0" encoding="utf-8"?><testsuites name="pytest tests"><testsuite name="pytest" errors="0" failures="0" skipped="0" tests="10" time="1.276" timestamp="2026-01-18T16:23:48.118134+00:00" hostname="agent-env-b9ba1eb7-8877-4d6f-b231-196be8e6673e"><testcase classname="tests.test_pin_batches.TestPinBatchesEndpoint" name="test_pin_endpoint_requires_auth" time="0.074" /><testcase classname="tests.test_pin_batches.TestPinBatchesEndpoint" name="test_pin_endpoint_staff_only" time="0.298" /><testcase classname="tests.test_pin_batches.TestPinBatchesEndpoint" name="test_pin_batch_not_found" time="0.344" /><testcase classname="tests.test_pin_batches.TestGetMyRequestBatches" name="test_get_batches_requires_auth" time="0.039" /><testcase classname="tests.test_pin_batches.TestGetMyRequestBatches" name="test_get_batches_staff_only" time="0.041" /><testcase classname="tests.test_pin_batches.TestGetMyRequestBatches" name="test_get_batches_returns_is_pinned_field" time="0.054" /><testcase classname="tests.test_pin_batches.TestGetMyRequestBatches" name="test_batches_sorted_pinned_first" time="0.050" /><testcase classname="tests.test_pin_batches.TestPinToggleFunctionality" name="test_pin_and_unpin_batch" time="0.135" /><testcase classname="tests.test_pin_batches.TestLegacyBatchPinning" name="test_pin_legacy_batch" time="0.125" /><testcase classname="tests.test_pin_batches.TestBatchResponseStructure" name="test_batch_has_required_fields" time="0.048" /></testsuite></testsuites>