<?xml version="1.0" encoding="utf-8"?><testsuites name="pytest tests"><testsuite name="pytest" errors="0" failures="2" skipped="0" tests="18" time="5.828" timestamp="2026-02-05T10:30:15.163005+00:00" hostname="agent-env-4231eed8-3ee1-49f8-94f8-8c45729becf1"><testcase classname="backend.tests.test_proactive_monitoring.TestProactiveMonitoring" name="test_01_proactive_check_endpoint_exists" time="0.333" /><testcase classname="backend.tests.test_proactive_monitoring.TestProactiveMonitoring" name="test_02_proactive_check_returns_valid_health_score" time="0.312" /><testcase classname="backend.tests.test_proactive_monitoring.TestProactiveMonitoring" name="test_03_proactive_check_counts_are_non_negative" time="0.300" /><testcase classname="backend.tests.test_proactive_monitoring.TestProactiveMonitoring" name="test_04_get_monitoring_config_endpoint_exists" time="0.281" /><testcase classname="backend.tests.test_proactive_monitoring.TestProactiveMonitoring" name="test_05_get_monitoring_config_returns_valid_types" time="0.315" /><testcase classname="backend.tests.test_proactive_monitoring.TestProactiveMonitoring" name="test_06_put_monitoring_config_endpoint_exists" time="0.299" /><testcase classname="backend.tests.test_proactive_monitoring.TestProactiveMonitoring" name="test_07_put_monitoring_config_persists_changes" time="0.349" /><testcase classname="backend.tests.test_proactive_monitoring.TestProactiveMonitoring" name="test_08_proactive_check_logs_activity" time="0.311" /><testcase classname="backend.tests.test_proactive_monitoring.TestProactiveMonitoring" name="test_09_health_check_endpoint_still_works" time="0.312" /><testcase classname="backend.tests.test_proactive_monitoring.TestProactiveMonitoring" name="test_10_sync_status_endpoint_still_works" time="0.296" /><testcase classname="backend.tests.test_proactive_monitoring.TestAdminActionsEndpoints" name="test_11_bonanza_diagnose_product_mismatch_exists" time="0.284" /><testcase classname="backend.tests.test_proactive_monitoring.TestAdminActionsEndpoints" name="test_12_bonanza_diagnose_reserved_conflicts_exists" time="0.312" /><testcase classname="backend.tests.test_proactive_monitoring.TestAdminActionsEndpoints" name="test_13_memberwd_diagnose_product_mismatch_exists" time="0.320"><failure message="AssertionError: Diagnose product mismatch failed: {&quot;detail&quot;:&quot;Not Found&quot;}&#10;assert 404 == 200&#10; +  where 404 = &lt;Response [404]&gt;.status_code">backend/tests/test_proactive_monitoring.py:240: in test_13_memberwd_diagnose_product_mismatch_exists
    assert response.status_code == 200, f"Diagnose product mismatch failed: {response.text}"
E   AssertionError: Diagnose product mismatch failed: {"detail":"Not Found"}
E   assert 404 == 200
E    +  where 404 = &lt;Response [404]&gt;.status_code</failure></testcase><testcase classname="backend.tests.test_proactive_monitoring.TestAdminActionsEndpoints" name="test_14_memberwd_diagnose_reserved_conflicts_exists" time="0.294" /><testcase classname="backend.tests.test_proactive_monitoring.TestAdminActionsEndpoints" name="test_15_bonanza_repair_product_mismatch_exists" time="0.297" /><testcase classname="backend.tests.test_proactive_monitoring.TestAdminActionsEndpoints" name="test_16_bonanza_fix_reserved_conflicts_exists" time="0.320" /><testcase classname="backend.tests.test_proactive_monitoring.TestAdminActionsEndpoints" name="test_17_memberwd_repair_product_mismatch_exists" time="0.330"><failure message="AssertionError: Repair product mismatch failed: {&quot;detail&quot;:&quot;Not Found&quot;}&#10;assert 404 == 200&#10; +  where 404 = &lt;Response [404]&gt;.status_code">backend/tests/test_proactive_monitoring.py:276: in test_17_memberwd_repair_product_mismatch_exists
    assert response.status_code == 200, f"Repair product mismatch failed: {response.text}"
E   AssertionError: Repair product mismatch failed: {"detail":"Not Found"}
E   assert 404 == 200
E    +  where 404 = &lt;Response [404]&gt;.status_code</failure></testcase><testcase classname="backend.tests.test_proactive_monitoring.TestAdminActionsEndpoints" name="test_18_memberwd_fix_reserved_conflicts_exists" time="0.310" /></testsuite></testsuites>