<?xml version="1.0" encoding="utf-8"?><testsuites name="pytest tests"><testsuite name="pytest" errors="0" failures="0" skipped="0" tests="19" time="2.927" timestamp="2026-01-13T17:09:34.288911+00:00" hostname="agent-env-740d1fac-d835-4941-9129-bee8372bea23"><testcase classname="tests.test_product_selection.TestAuth" name="test_admin_login" time="0.331" /><testcase classname="tests.test_product_selection.TestAuth" name="test_staff_login" time="0.264" /><testcase classname="tests.test_product_selection.TestProductsEndpoint" name="test_get_products_as_admin" time="0.293" /><testcase classname="tests.test_product_selection.TestProductsEndpoint" name="test_get_products_as_staff" time="0.298" /><testcase classname="tests.test_product_selection.TestProductsEndpoint" name="test_create_product" time="0.079" /><testcase classname="tests.test_product_selection.TestBonanzaUploadWithProduct" name="test_bonanza_upload_requires_product_id" time="0.056" /><testcase classname="tests.test_product_selection.TestBonanzaUploadWithProduct" name="test_bonanza_upload_with_invalid_product" time="0.040" /><testcase classname="tests.test_product_selection.TestBonanzaUploadWithProduct" name="test_bonanza_upload_with_valid_product" time="0.134" /><testcase classname="tests.test_product_selection.TestMemberWDUploadWithProduct" name="test_memberwd_upload_requires_product_id" time="0.037" /><testcase classname="tests.test_product_selection.TestMemberWDUploadWithProduct" name="test_memberwd_upload_with_invalid_product" time="0.036" /><testcase classname="tests.test_product_selection.TestMemberWDUploadWithProduct" name="test_memberwd_upload_with_valid_product" time="0.073" /><testcase classname="tests.test_product_selection.TestBonanzaDatabaseFiltering" name="test_bonanza_databases_filter_by_product" time="0.117" /><testcase classname="tests.test_product_selection.TestBonanzaDatabaseFiltering" name="test_bonanza_databases_no_filter_returns_all" time="0.038" /><testcase classname="tests.test_product_selection.TestMemberWDDatabaseFiltering" name="test_memberwd_databases_filter_by_product" time="0.110" /><testcase classname="tests.test_product_selection.TestStaffBonanzaRecordsFiltering" name="test_staff_bonanza_records_filter_by_product" time="0.272" /><testcase classname="tests.test_product_selection.TestStaffMemberWDRecordsFiltering" name="test_staff_memberwd_records_filter_by_product" time="0.174" /><testcase classname="tests.test_product_selection.TestProductNameInRecords" name="test_bonanza_records_have_product_name" time="0.108" /><testcase classname="tests.test_product_selection.TestProductNameInRecords" name="test_memberwd_records_have_product_name" time="0.153" /><testcase classname="tests.test_product_selection.TestCleanup" name="test_cleanup_test_products" time="0.178" /></testsuite></testsuites>