<?xml version="1.0" encoding="utf-8"?><testsuites name="pytest tests"><testsuite name="pytest" errors="0" failures="0" skipped="0" tests="12" time="3.967" timestamp="2026-02-06T11:56:37.031157+00:00" hostname="agent-env-288e27b1-a190-49eb-9ba9-6ecfc3853318"><testcase classname="backend.tests.test_rdp_ndp_consistency_fix.TestRDPNDPConsistencyFix" name="test_01_daily_summary_endpoint_returns_200" time="0.367" /><testcase classname="backend.tests.test_rdp_ndp_consistency_fix.TestRDPNDPConsistencyFix" name="test_02_rdp_consistency_date_2026_02_20" time="0.312" /><testcase classname="backend.tests.test_rdp_ndp_consistency_fix.TestRDPNDPConsistencyFix" name="test_03_ndp_consistency_date_2026_02_20" time="0.310" /><testcase classname="backend.tests.test_rdp_ndp_consistency_fix.TestRDPNDPConsistencyFix" name="test_04_rdp_consistency_date_2026_02_21" time="0.308" /><testcase classname="backend.tests.test_rdp_ndp_consistency_fix.TestRDPNDPConsistencyFix" name="test_05_ndp_consistency_date_2026_02_21" time="0.300" /><testcase classname="backend.tests.test_rdp_ndp_consistency_fix.TestRDPNDPConsistencyFix" name="test_06_detailed_breakdown_2026_02_20" time="0.339" /><testcase classname="backend.tests.test_rdp_ndp_consistency_fix.TestRDPNDPConsistencyFix" name="test_07_detailed_breakdown_2026_02_21" time="0.295" /><testcase classname="backend.tests.test_rdp_ndp_consistency_fix.TestRDPNDPConsistencyFix" name="test_08_multiple_staff_handling" time="0.299" /><testcase classname="backend.tests.test_rdp_ndp_consistency_fix.TestRDPNDPConsistencyFix" name="test_09_code_review_fix_implementation" time="0.255" /><testcase classname="backend.tests.test_rdp_ndp_consistency_fix.TestRDPNDPConsistencyFix" name="test_10_consistency_across_multiple_dates" time="0.418" /><testcase classname="backend.tests.test_rdp_ndp_consistency_fix.TestMultipleCustomersMultipleProducts" name="test_11_customer_depositing_to_multiple_products_counted_once" time="0.347" /><testcase classname="backend.tests.test_rdp_ndp_consistency_fix.TestMultipleCustomersMultipleProducts" name="test_12_form_count_vs_customer_count" time="0.302" /></testsuite></testsuites>