<?xml version="1.0" encoding="utf-8"?><testsuites name="pytest tests"><testsuite name="pytest" errors="0" failures="0" skipped="0" tests="12" time="3.943" timestamp="2026-02-06T16:43:54.714855+00:00" hostname="agent-env-03f4917e-883c-44c0-83e2-d875d966f41a"><testcase classname="backend.tests.test_refactored_endpoints.TestRefactoredMemberWDEndpoints" name="test_01_memberwd_data_health_structure" time="0.359" /><testcase classname="backend.tests.test_refactored_endpoints.TestRefactoredMemberWDEndpoints" name="test_02_memberwd_diagnose_product_mismatch_structure" time="0.346" /><testcase classname="backend.tests.test_refactored_endpoints.TestRefactoredMemberWDEndpoints" name="test_03_memberwd_repair_product_mismatch_structure" time="0.344" /><testcase classname="backend.tests.test_refactored_endpoints.TestRefactoredMemberWDEndpoints" name="test_04_memberwd_diagnose_reserved_conflicts_structure" time="0.303" /><testcase classname="backend.tests.test_refactored_endpoints.TestRefactoredMemberWDEndpoints" name="test_05_memberwd_fix_reserved_conflicts_structure" time="0.301" /><testcase classname="backend.tests.test_refactored_endpoints.TestRefactoredMemberWDEndpoints" name="test_06_memberwd_repair_data_structure" time="0.348" /><testcase classname="backend.tests.test_refactored_endpoints.TestRefactoredBonanzaEndpoints" name="test_01_bonanza_data_health_structure" time="0.305" /><testcase classname="backend.tests.test_refactored_endpoints.TestRefactoredBonanzaEndpoints" name="test_02_bonanza_diagnose_product_mismatch_structure" time="0.302" /><testcase classname="backend.tests.test_refactored_endpoints.TestRefactoredBonanzaEndpoints" name="test_03_bonanza_repair_product_mismatch_structure" time="0.291" /><testcase classname="backend.tests.test_refactored_endpoints.TestRefactoredBonanzaEndpoints" name="test_04_bonanza_diagnose_reserved_conflicts_structure" time="0.299" /><testcase classname="backend.tests.test_refactored_endpoints.TestRefactoredBonanzaEndpoints" name="test_05_bonanza_fix_reserved_conflicts_structure" time="0.299" /><testcase classname="backend.tests.test_refactored_endpoints.TestRefactoredBonanzaEndpoints" name="test_06_bonanza_repair_data_structure" time="0.302" /></testsuite></testsuites>