<?xml version="1.0" encoding="utf-8"?><testsuites name="pytest tests"><testsuite name="pytest" errors="0" failures="0" skipped="0" tests="11" time="3.409" timestamp="2026-01-26T13:32:36.326960+00:00" hostname="agent-env-63093c82-1bdc-483e-8d68-d44306eba358"><testcase classname="backend.tests.test_report_crm_ndp_rdp_consistency.TestReportCRMNDPRDPConsistency" name="test_report_crm_data_endpoint_returns_200" time="0.335" /><testcase classname="backend.tests.test_report_crm_ndp_rdp_consistency.TestReportCRMNDPRDPConsistency" name="test_yearly_totals_match_monthly_by_staff_totals" time="0.303" /><testcase classname="backend.tests.test_report_crm_ndp_rdp_consistency.TestReportCRMNDPRDPConsistency" name="test_yearly_totals_match_staff_performance_totals" time="0.305" /><testcase classname="backend.tests.test_report_crm_ndp_rdp_consistency.TestReportCRMNDPRDPConsistency" name="test_monthly_detail_matches_daily_report_for_selected_month" time="0.300" /><testcase classname="backend.tests.test_report_crm_ndp_rdp_consistency.TestReportCRMNDPRDPConsistency" name="test_daily_by_staff_matches_daily_data" time="0.301" /><testcase classname="backend.tests.test_report_crm_ndp_rdp_consistency.TestReportCRMNDPRDPConsistency" name="test_individual_staff_consistency_monthly_vs_staff_performance" time="0.308" /><testcase classname="backend.tests.test_report_crm_ndp_rdp_consistency.TestReportCRMNDPRDPConsistency" name="test_all_four_sections_grand_totals_match" time="0.302" /><testcase classname="backend.tests.test_report_crm_ndp_rdp_consistency.TestReportCRMNDPRDPConsistency" name="test_with_product_filter" time="0.339" /><testcase classname="backend.tests.test_report_crm_ndp_rdp_consistency.TestReportCRMNDPRDPConsistency" name="test_with_staff_filter" time="0.345" /><testcase classname="backend.tests.test_report_crm_ndp_rdp_consistency.TestTambahanRuleEnforcement" name="test_tambahan_logic_in_report_code" time="0.260" /><testcase classname="backend.tests.test_report_crm_ndp_rdp_consistency.TestTambahanRuleEnforcement" name="test_unique_deposits_dictionary_exists" time="0.256" /></testsuite></testsuites>