<?xml version="1.0" encoding="utf-8"?><testsuites name="pytest tests"><testsuite name="pytest" errors="0" failures="0" skipped="0" tests="7" time="2.134" timestamp="2026-01-15T15:51:30.496227+00:00" hostname="agent-env-9c3fd077-c02a-4d7f-afc4-6ccc1050dd78"><testcase classname="tests.test_report_crm.TestReportCRM" name="test_report_crm_data_endpoint" time="0.314" /><testcase classname="tests.test_report_crm.TestReportCRM" name="test_rdp_counts_unique_customers" time="0.298" /><testcase classname="tests.test_report_crm.TestReportCRM" name="test_staff_performance_rdp_unique" time="0.299" /><testcase classname="tests.test_report_crm.TestReportCRM" name="test_daily_report_rdp_unique_per_day" time="0.289" /><testcase classname="tests.test_report_crm.TestRetentionAlerts" name="test_retention_alerts_endpoint" time="0.295" /><testcase classname="tests.test_report_crm.TestRetentionAlerts" name="test_retention_alerts_uses_normalized_ids" time="0.297" /><testcase classname="tests.test_report_crm.TestRetentionAlerts" name="test_retention_overview_endpoint" time="0.291" /></testsuite></testsuites>