<?xml version="1.0" encoding="utf-8"?><testsuites name="pytest tests"><testsuite name="pytest" errors="0" failures="2" skipped="1" tests="16" time="1.727" timestamp="2026-02-06T20:31:58.535732+00:00" hostname="agent-env-e39654b8-83ed-4bfd-83c0-4627b5b42cd8"><testcase classname="backend.tests.test_reserved_member_conflict.TestSetupCleanup" name="test_cleanup_existing_test_data" time="0.376" /><testcase classname="backend.tests.test_reserved_member_conflict.TestReservedMemberConflict" name="test_create_reserved_member_for_staff1" time="0.057" /><testcase classname="backend.tests.test_reserved_member_conflict.TestReservedMemberConflict" name="test_omset_pending_when_conflict_exists" time="0.309"><failure message="AssertionError: Expected pending status or conflict_info, got: {'id': 'eb41e64b-58f1-4d8a-b750-6e87d7d223d2', 'product_id': 'prod-istana2000', 'product_name': 'ISTANA2000', 'staff_id': 'staff-user-1', 'staff_name': 'Staff User', 'record_date': '2026-02-06', 'customer_name': 'TEST_RESERVED_CUST_001', 'customer_id': 'TEST_RESERVED_CUST_001', 'nominal': 100000.0, 'depo_kelipatan': 1.0, 'depo_total': 100000.0, 'keterangan': 'Test conflict', 'created_at': '2026-02-07T03:31:59.380066+07:00', 'updated_at': None}&#10;assert (False or False)">backend/tests/test_reserved_member_conflict.py:121: in test_omset_pending_when_conflict_exists
    assert is_pending or has_conflict, f"Expected pending status or conflict_info, got: {data}"
E   AssertionError: Expected pending status or conflict_info, got: {'id': 'eb41e64b-58f1-4d8a-b750-6e87d7d223d2', 'product_id': 'prod-istana2000', 'product_name': 'ISTANA2000', 'staff_id': 'staff-user-1', 'staff_name': 'Staff User', 'record_date': '2026-02-06', 'customer_name': 'TEST_RESERVED_CUST_001', 'customer_id': 'TEST_RESERVED_CUST_001', 'nominal': 100000.0, 'depo_kelipatan': 1.0, 'depo_total': 100000.0, 'keterangan': 'Test conflict', 'created_at': '2026-02-07T03:31:59.380066+07:00', 'updated_at': None}
E   assert (False or False)</failure></testcase><testcase classname="backend.tests.test_reserved_member_conflict.TestReservedMemberConflict" name="test_omset_approved_when_no_conflict" time="0.037" /><testcase classname="backend.tests.test_reserved_member_conflict.TestPendingOmsetEndpoints" name="test_get_pending_admin_success" time="0.039" /><testcase classname="backend.tests.test_reserved_member_conflict.TestPendingOmsetEndpoints" name="test_get_pending_staff_forbidden" time="0.035" /><testcase classname="backend.tests.test_reserved_member_conflict.TestApproveDeclineOmset" name="test_approve_pending_omset" time="0.036"><skipped type="pytest.skip" message="No pending records to approve">/app/backend/tests/test_reserved_member_conflict.py:181: No pending records to approve</skipped></testcase><testcase classname="backend.tests.test_reserved_member_conflict.TestApproveDeclineOmset" name="test_decline_pending_omset" time="0.072"><failure message="AssertionError: Expected 200, got 400: {&quot;detail&quot;:&quot;Record is not pending approval&quot;}&#10;assert 400 == 200&#10; +  where 400 = &lt;Response [400]&gt;.status_code">backend/tests/test_reserved_member_conflict.py:217: in test_decline_pending_omset
    assert response.status_code == 200, f"Expected 200, got {response.status_code}: {response.text}"
E   AssertionError: Expected 200, got 400: {"detail":"Record is not pending approval"}
E   assert 400 == 200
E    +  where 400 = &lt;Response [400]&gt;.status_code</failure></testcase><testcase classname="backend.tests.test_reserved_member_conflict.TestApproveDeclineOmset" name="test_approve_staff_forbidden" time="0.033" /><testcase classname="backend.tests.test_reserved_member_conflict.TestApproveDeclineOmset" name="test_decline_staff_forbidden" time="0.041" /><testcase classname="backend.tests.test_reserved_member_conflict.TestDuplicateOmsetEndpoint" name="test_setup_duplicate_data" time="0.076" /><testcase classname="backend.tests.test_reserved_member_conflict.TestDuplicateOmsetEndpoint" name="test_get_duplicates_admin_success" time="0.080" /><testcase classname="backend.tests.test_reserved_member_conflict.TestDuplicateOmsetEndpoint" name="test_get_duplicates_with_date_filter" time="0.034" /><testcase classname="backend.tests.test_reserved_member_conflict.TestDuplicateOmsetEndpoint" name="test_get_duplicates_staff_forbidden" time="0.038" /><testcase classname="backend.tests.test_reserved_member_conflict.TestCleanupTestData" name="test_cleanup_test_omset_records" time="0.229" /><testcase classname="backend.tests.test_reserved_member_conflict.TestCleanupTestData" name="test_cleanup_test_reserved_members" time="0.087" /></testsuite></testsuites>