<?xml version="1.0" encoding="utf-8"?><testsuites name="pytest tests"><testsuite name="pytest" errors="0" failures="0" skipped="0" tests="22" time="5.992" timestamp="2026-02-24T10:20:13.124211+00:00" hostname="agent-env-5ded4190-a541-4274-894c-c7c807c23844"><testcase classname="backend.tests.test_reserved_status_feature.TestReservedStatusFeature" name="test_sync_reserved_status_endpoint" time="0.459" /><testcase classname="backend.tests.test_reserved_status_feature.TestReservedStatusFeature" name="test_memberwd_databases_includes_excluded_count" time="0.104" /><testcase classname="backend.tests.test_reserved_status_feature.TestReservedStatusFeature" name="test_bonanza_databases_includes_excluded_count" time="0.104" /><testcase classname="backend.tests.test_reserved_status_feature.TestReservedStatusFeature" name="test_memberwd_records_have_reserved_status" time="0.233" /><testcase classname="backend.tests.test_reserved_status_feature.TestReservedStatusFeature" name="test_bonanza_records_have_reserved_status" time="0.203" /><testcase classname="backend.tests.test_reserved_status_feature.TestReservedStatusFeature" name="test_memberwd_assign_random_skips_reserved" time="0.342" /><testcase classname="backend.tests.test_reserved_status_feature.TestReservedStatusFeature" name="test_bonanza_assign_random_skips_reserved" time="0.325" /><testcase classname="backend.tests.test_reserved_status_feature.TestReservedStatusFeature" name="test_reserved_member_lifecycle_approve_sync" time="0.198" /><testcase classname="backend.tests.test_reserved_status_feature.TestReservedStatusFeature" name="test_memberwd_manual_assign_blocks_reserved" time="0.364" /><testcase classname="backend.tests.test_reserved_status_feature.TestReservedStatusFeature" name="test_get_products" time="0.102" /><testcase classname="backend.tests.test_reserved_status_feature.TestReservedStatusFeature" name="test_get_users_staff" time="0.104" /><testcase classname="backend.tests.test_reserved_status_feature.TestReservedStatusCounts" name="test_memberwd_excluded_count_equals_reserved_records" time="0.765" /><testcase classname="backend.tests.test_reserved_status_feature.TestReservedStatusCounts" name="test_bonanza_excluded_count_equals_reserved_records" time="0.324" /><testcase classname="backend.tests.test_reserved_status_feature.TestReservedStatusCounts" name="test_available_count_excludes_reserved" time="0.099" /><testcase classname="backend.tests.test_reserved_status_lifecycle_e2e.TestReservedMemberLifecycleE2E" name="test_01_create_reserved_member" time="0.765" /><testcase classname="backend.tests.test_reserved_status_lifecycle_e2e.TestReservedMemberLifecycleE2E" name="test_02_verify_reserved_member_exists" time="0.099" /><testcase classname="backend.tests.test_reserved_status_lifecycle_e2e.TestReservedMemberLifecycleE2E" name="test_03_approve_reserved_member_and_check_sync" time="0.107" /><testcase classname="backend.tests.test_reserved_status_lifecycle_e2e.TestReservedMemberLifecycleE2E" name="test_04_check_records_have_reserved_status" time="0.325" /><testcase classname="backend.tests.test_reserved_status_lifecycle_e2e.TestReservedMemberLifecycleE2E" name="test_05_delete_reserved_member_and_verify_revert" time="0.121" /><testcase classname="backend.tests.test_reserved_status_lifecycle_e2e.TestReservedMemberLifecycleE2E" name="test_06_verify_member_deleted" time="0.142" /><testcase classname="backend.tests.test_reserved_status_lifecycle_e2e.TestExistingReservedMemberRecordSync" name="test_full_sync_is_idempotent" time="0.528" /><testcase classname="backend.tests.test_reserved_status_lifecycle_e2e.TestExistingReservedMemberRecordSync" name="test_get_approved_reserved_members" time="0.112" /></testsuite></testsuites>