<?xml version="1.0" encoding="utf-8"?><testsuites name="pytest tests"><testsuite name="pytest" errors="0" failures="0" skipped="1" tests="17" time="1.915" timestamp="2026-02-06T20:33:51.804843+00:00" hostname="agent-env-e39654b8-83ed-4bfd-83c0-4627b5b42cd8"><testcase classname="backend.tests.test_reserved_member_conflict.TestSetupCleanup" name="test_cleanup_existing_test_data" time="0.407" /><testcase classname="backend.tests.test_reserved_member_conflict.TestReservedMemberConflict" name="test_create_reserved_member_for_staff1" time="0.045" /><testcase classname="backend.tests.test_reserved_member_conflict.TestReservedMemberConflict" name="test_omset_pending_when_conflict_exists" time="0.114" /><testcase classname="backend.tests.test_reserved_member_conflict.TestReservedMemberConflict" name="test_omset_approved_when_same_staff_creates" time="0.301" /><testcase classname="backend.tests.test_reserved_member_conflict.TestReservedMemberConflict" name="test_omset_approved_when_no_reservation" time="0.037" /><testcase classname="backend.tests.test_reserved_member_conflict.TestPendingOmsetEndpoints" name="test_get_pending_admin_success" time="0.037" /><testcase classname="backend.tests.test_reserved_member_conflict.TestPendingOmsetEndpoints" name="test_get_pending_staff_forbidden" time="0.038" /><testcase classname="backend.tests.test_reserved_member_conflict.TestApproveDeclineOmset" name="test_approve_pending_omset" time="0.085" /><testcase classname="backend.tests.test_reserved_member_conflict.TestApproveDeclineOmset" name="test_decline_pending_omset" time="0.080"><skipped type="pytest.skip" message="Could not create pending record for decline test">/app/backend/tests/test_reserved_member_conflict.py:281: Could not create pending record for decline test</skipped></testcase><testcase classname="backend.tests.test_reserved_member_conflict.TestApproveDeclineOmset" name="test_approve_staff_forbidden" time="0.036" /><testcase classname="backend.tests.test_reserved_member_conflict.TestApproveDeclineOmset" name="test_decline_staff_forbidden" time="0.037" /><testcase classname="backend.tests.test_reserved_member_conflict.TestDuplicateOmsetEndpoint" name="test_setup_duplicate_data" time="0.078" /><testcase classname="backend.tests.test_reserved_member_conflict.TestDuplicateOmsetEndpoint" name="test_get_duplicates_admin_success" time="0.036" /><testcase classname="backend.tests.test_reserved_member_conflict.TestDuplicateOmsetEndpoint" name="test_get_duplicates_with_date_filter" time="0.037" /><testcase classname="backend.tests.test_reserved_member_conflict.TestDuplicateOmsetEndpoint" name="test_get_duplicates_staff_forbidden" time="0.033" /><testcase classname="backend.tests.test_reserved_member_conflict.TestCleanupTestData" name="test_cleanup_test_omset_records" time="0.302" /><testcase classname="backend.tests.test_reserved_member_conflict.TestCleanupTestData" name="test_cleanup_test_reserved_members" time="0.140" /></testsuite></testsuites>