<?xml version="1.0" encoding="utf-8"?><testsuites name="pytest tests"><testsuite name="pytest" errors="0" failures="1" skipped="0" tests="11" time="8.865" timestamp="2026-02-15T14:32:21.519886+00:00" hostname="agent-env-3a03f72f-2ab3-4b01-b8a3-2c687bc07002"><testcase classname="tests.test_reserved_member_field_independent.TestReservedMemberFieldIndependentCheck" name="test_01_get_reserved_members_list" time="0.599" /><testcase classname="tests.test_reserved_member_field_independent.TestReservedMemberFieldIndependentCheck" name="test_02_get_memberwd_databases" time="0.642" /><testcase classname="tests.test_reserved_member_field_independent.TestReservedMemberFieldIndependentCheck" name="test_03_get_bonanza_databases" time="0.471" /><testcase classname="tests.test_reserved_member_field_independent.TestReservedMemberFieldIndependentCheck" name="test_04_memberwd_assign_random_respects_reserved" time="0.753" /><testcase classname="tests.test_reserved_member_field_independent.TestReservedMemberFieldIndependentCheck" name="test_05_bonanza_assign_random_respects_reserved" time="0.711" /><testcase classname="tests.test_reserved_member_field_independent.TestReservedMemberFieldIndependentCheck" name="test_06_permanent_toggle_endpoint_works" time="0.760" /><testcase classname="tests.test_reserved_member_field_independent.TestReservedMemberFieldIndependentCheck" name="test_07_memberwd_manual_assign_respects_reserved" time="2.538" /><testcase classname="tests.test_reserved_member_field_independent.TestReservedMemberFieldIndependentCheck" name="test_08_bonanza_manual_assign_respects_reserved" time="0.774" /><testcase classname="tests.test_reserved_member_field_independent.TestReservedMemberFieldIndependentCheck" name="test_09_verify_is_record_reserved_logic_in_memberwd" time="0.462" /><testcase classname="tests.test_reserved_member_field_independent.TestReservedMemberCreationAndQuery" name="test_01_create_reserved_member" time="0.532"><failure message="assert 404 == 200&#10; +  where 404 = &lt;Response [404]&gt;.status_code">tests/test_reserved_member_field_independent.py:401: in test_01_create_reserved_member
    assert staff_response.status_code == 200
E   assert 404 == 200
E    +  where 404 = &lt;Response [404]&gt;.status_code</failure></testcase><testcase classname="tests.test_reserved_member_field_independent.TestReservedMemberCreationAndQuery" name="test_02_reserved_members_have_required_fields" time="0.488" /></testsuite></testsuites>