<?xml version="1.0" encoding="utf-8"?><testsuites name="pytest tests"><testsuite name="pytest" errors="0" failures="0" skipped="0" tests="13" time="2.538" timestamp="2026-01-24T21:36:12.381327+00:00" hostname="agent-env-3211ebaa-6380-4c5d-a027-83bca287a64c"><testcase classname="tests.test_reserved_members_customer_id.TestSetup" name="test_health_check" time="0.077" /><testcase classname="tests.test_reserved_members_customer_id.TestSetup" name="test_admin_login" time="0.268" /><testcase classname="tests.test_reserved_members_customer_id.TestSetup" name="test_staff_login" time="0.263" /><testcase classname="tests.test_reserved_members_customer_id.TestReservedMembersCustomerId" name="test_get_reserved_members_returns_customer_id" time="0.276" /><testcase classname="tests.test_reserved_members_customer_id.TestReservedMembersCustomerId" name="test_create_reservation_with_customer_id" time="0.078" /><testcase classname="tests.test_reserved_members_customer_id.TestReservedMembersCustomerId" name="test_duplicate_detection_case_insensitive" time="0.076" /><testcase classname="tests.test_reserved_members_customer_id.TestReservedMembersCustomerId" name="test_bulk_add_reservations_with_customer_ids" time="0.095" /><testcase classname="tests.test_reserved_members_customer_id.TestReservedMembersCustomerId" name="test_bulk_add_skips_duplicates" time="0.178" /><testcase classname="tests.test_reserved_members_customer_id.TestReservedMembersCustomerId" name="test_move_reservation_to_another_staff" time="0.091" /><testcase classname="tests.test_reserved_members_customer_id.TestReservedMembersCustomerId" name="test_delete_reservation" time="0.075" /><testcase classname="tests.test_reserved_members_customer_id.TestReservedMembersCustomerId" name="test_staff_request_reservation_with_customer_id" time="0.291" /><testcase classname="tests.test_reserved_members_customer_id.TestReservedMembersApprovalFlow" name="test_approve_pending_reservation" time="0.605" /><testcase classname="tests.test_reserved_members_customer_id.TestReservedMembersApprovalFlow" name="test_reject_pending_reservation" time="0.029" /></testsuite></testsuites>