<?xml version="1.0" encoding="utf-8"?><testsuites name="pytest tests"><testsuite name="pytest" errors="0" failures="1" skipped="1" tests="17" time="1.763" timestamp="2026-02-06T20:32:51.386456+00:00" hostname="agent-env-e39654b8-83ed-4bfd-83c0-4627b5b42cd8"><testcase classname="backend.tests.test_reserved_member_conflict.TestSetupCleanup" name="test_cleanup_existing_test_data" time="0.370" /><testcase classname="backend.tests.test_reserved_member_conflict.TestReservedMemberConflict" name="test_create_reserved_member_for_staff1" time="0.039" /><testcase classname="backend.tests.test_reserved_member_conflict.TestReservedMemberConflict" name="test_omset_pending_when_conflict_exists" time="0.042"><failure message="AssertionError: Expected pending status or conflict_info, got: {'id': '7fb22f4e-9051-4415-883b-9ef16c569dc2', 'product_id': 'prod-istana2000', 'product_name': 'ISTANA2000', 'staff_id': '0cf8a86d-fbad-4966-b232-a49e4033e1d8', 'staff_name': 'Vicky', 'record_date': '2026-02-06', 'customer_name': 'TEST_RESERVED_CUST_001', 'customer_id': 'TEST_RESERVED_CUST_001', 'nominal': 100000.0, 'depo_kelipatan': 1.0, 'depo_total': 100000.0, 'keterangan': 'Test conflict - admin creating for reserved customer', 'created_at': '2026-02-07T03:32:51.894406+07:00', 'updated_at': None}&#10;assert (False or False)">backend/tests/test_reserved_member_conflict.py:123: in test_omset_pending_when_conflict_exists
    assert is_pending or has_conflict, f"Expected pending status or conflict_info, got: {data}"
E   AssertionError: Expected pending status or conflict_info, got: {'id': '7fb22f4e-9051-4415-883b-9ef16c569dc2', 'product_id': 'prod-istana2000', 'product_name': 'ISTANA2000', 'staff_id': '0cf8a86d-fbad-4966-b232-a49e4033e1d8', 'staff_name': 'Vicky', 'record_date': '2026-02-06', 'customer_name': 'TEST_RESERVED_CUST_001', 'customer_id': 'TEST_RESERVED_CUST_001', 'nominal': 100000.0, 'depo_kelipatan': 1.0, 'depo_total': 100000.0, 'keterangan': 'Test conflict - admin creating for reserved customer', 'created_at': '2026-02-07T03:32:51.894406+07:00', 'updated_at': None}
E   assert (False or False)</failure></testcase><testcase classname="backend.tests.test_reserved_member_conflict.TestReservedMemberConflict" name="test_omset_approved_when_same_staff_creates" time="0.310" /><testcase classname="backend.tests.test_reserved_member_conflict.TestReservedMemberConflict" name="test_omset_approved_when_no_reservation" time="0.041" /><testcase classname="backend.tests.test_reserved_member_conflict.TestPendingOmsetEndpoints" name="test_get_pending_admin_success" time="0.073" /><testcase classname="backend.tests.test_reserved_member_conflict.TestPendingOmsetEndpoints" name="test_get_pending_staff_forbidden" time="0.038" /><testcase classname="backend.tests.test_reserved_member_conflict.TestApproveDeclineOmset" name="test_approve_pending_omset" time="0.070" /><testcase classname="backend.tests.test_reserved_member_conflict.TestApproveDeclineOmset" name="test_decline_pending_omset" time="0.071"><skipped type="pytest.skip" message="Could not create pending record for decline test">/app/backend/tests/test_reserved_member_conflict.py:256: Could not create pending record for decline test</skipped></testcase><testcase classname="backend.tests.test_reserved_member_conflict.TestApproveDeclineOmset" name="test_approve_staff_forbidden" time="0.034" /><testcase classname="backend.tests.test_reserved_member_conflict.TestApproveDeclineOmset" name="test_decline_staff_forbidden" time="0.033" /><testcase classname="backend.tests.test_reserved_member_conflict.TestDuplicateOmsetEndpoint" name="test_setup_duplicate_data" time="0.074" /><testcase classname="backend.tests.test_reserved_member_conflict.TestDuplicateOmsetEndpoint" name="test_get_duplicates_admin_success" time="0.040" /><testcase classname="backend.tests.test_reserved_member_conflict.TestDuplicateOmsetEndpoint" name="test_get_duplicates_with_date_filter" time="0.038" /><testcase classname="backend.tests.test_reserved_member_conflict.TestDuplicateOmsetEndpoint" name="test_get_duplicates_staff_forbidden" time="0.033" /><testcase classname="backend.tests.test_reserved_member_conflict.TestCleanupTestData" name="test_cleanup_test_omset_records" time="0.260" /><testcase classname="backend.tests.test_reserved_member_conflict.TestCleanupTestData" name="test_cleanup_test_reserved_members" time="0.105" /></testsuite></testsuites>