<?xml version="1.0" encoding="utf-8"?><testsuites name="pytest tests"><testsuite name="pytest" errors="0" failures="0" skipped="0" tests="22" time="2.887" timestamp="2026-01-13T08:50:31.073471+00:00" hostname="agent-env-81d993b5-41d8-4cf7-b0ac-eebc1cb6d53b"><testcase classname="tests.test_reserved_members.TestAuth" name="test_admin_login" time="0.325" /><testcase classname="tests.test_reserved_members.TestAuth" name="test_staff_login" time="0.263" /><testcase classname="tests.test_reserved_members.TestStaffUsersEndpoint" name="test_get_staff_users_as_admin" time="0.297" /><testcase classname="tests.test_reserved_members.TestStaffUsersEndpoint" name="test_get_staff_users_as_staff" time="0.294" /><testcase classname="tests.test_reserved_members.TestAdminReservedMemberOperations" name="test_admin_add_reserved_member_directly" time="0.085" /><testcase classname="tests.test_reserved_members.TestAdminReservedMemberOperations" name="test_admin_add_without_staff_id_fails" time="0.033" /><testcase classname="tests.test_reserved_members.TestAdminReservedMemberOperations" name="test_get_all_reserved_members" time="0.032" /><testcase classname="tests.test_reserved_members.TestAdminReservedMemberOperations" name="test_filter_reserved_members_by_status" time="0.071" /><testcase classname="tests.test_reserved_members.TestStaffReservedMemberOperations" name="test_staff_request_reservation" time="0.036" /><testcase classname="tests.test_reserved_members.TestStaffReservedMemberOperations" name="test_staff_can_view_all_approved_reservations" time="0.034" /><testcase classname="tests.test_reserved_members.TestDuplicateCheck" name="test_duplicate_approved_member_rejected" time="0.104" /><testcase classname="tests.test_reserved_members.TestDuplicateCheck" name="test_duplicate_case_insensitive" time="0.100" /><testcase classname="tests.test_reserved_members.TestDuplicateCheck" name="test_staff_cannot_request_already_reserved_name" time="0.107" /><testcase classname="tests.test_reserved_members.TestApproveRejectWorkflow" name="test_approve_pending_request" time="0.140" /><testcase classname="tests.test_reserved_members.TestApproveRejectWorkflow" name="test_reject_pending_request" time="0.107" /><testcase classname="tests.test_reserved_members.TestApproveRejectWorkflow" name="test_cannot_approve_already_processed" time="0.108" /><testcase classname="tests.test_reserved_members.TestMoveReservation" name="test_move_reservation_to_different_staff" time="0.169" /><testcase classname="tests.test_reserved_members.TestMoveReservation" name="test_move_to_nonexistent_staff_fails" time="0.099" /><testcase classname="tests.test_reserved_members.TestDeleteReservation" name="test_admin_delete_reservation" time="0.103" /><testcase classname="tests.test_reserved_members.TestDeleteReservation" name="test_delete_nonexistent_fails" time="0.033" /><testcase classname="tests.test_reserved_members.TestDeleteReservation" name="test_staff_cannot_delete" time="0.106" /><testcase classname="tests.test_reserved_members.TestCleanup" name="test_cleanup_test_data" time="0.107" /></testsuite></testsuites>