<?xml version="1.0" encoding="utf-8"?><testsuites name="pytest tests"><testsuite name="pytest" errors="0" failures="0" skipped="0" tests="15" time="5.363" timestamp="2026-01-18T16:51:20.723485+00:00" hostname="agent-env-b9ba1eb7-8877-4d6f-b231-196be8e6673e"><testcase classname="tests.test_reserved_member_cleanup.TestReservedMemberCleanupAuth" name="test_preview_requires_auth" time="0.082" /><testcase classname="tests.test_reserved_member_cleanup.TestReservedMemberCleanupAuth" name="test_run_requires_auth" time="0.039" /><testcase classname="tests.test_reserved_member_cleanup.TestReservedMemberCleanupAuth" name="test_preview_requires_admin" time="0.342" /><testcase classname="tests.test_reserved_member_cleanup.TestReservedMemberCleanupAuth" name="test_run_requires_admin" time="0.335" /><testcase classname="tests.test_reserved_member_cleanup.TestReservedMemberCleanupPreview" name="test_preview_returns_correct_structure" time="0.319" /><testcase classname="tests.test_reserved_member_cleanup.TestReservedMemberCleanupPreview" name="test_preview_member_info_structure" time="0.306" /><testcase classname="tests.test_reserved_member_cleanup.TestReservedMemberCleanupPreview" name="test_preview_counts_match_lists" time="0.304" /><testcase classname="tests.test_reserved_member_cleanup.TestReservedMemberCleanupRun" name="test_run_cleanup_success" time="0.300" /><testcase classname="tests.test_reserved_member_cleanup.TestReservedMemberCleanupLogic" name="test_create_test_reserved_member_expiring" time="0.606" /><testcase classname="tests.test_reserved_member_cleanup.TestReservedMemberCleanupLogic" name="test_omset_matching_logic" time="0.571" /><testcase classname="tests.test_reserved_member_cleanup.TestNotificationCreation" name="test_notification_types_exist_in_translations" time="0.517" /><testcase classname="tests.test_reserved_member_cleanup.TestNotificationCreation" name="test_staff_can_view_notifications" time="0.560" /><testcase classname="tests.test_reserved_member_cleanup.TestSchedulerConfiguration" name="test_scheduler_config_endpoint" time="0.339" /><testcase classname="tests.test_reserved_member_cleanup.TestEdgeCases" name="test_preview_with_no_reserved_members" time="0.302" /><testcase classname="tests.test_reserved_member_cleanup.TestEdgeCases" name="test_run_cleanup_idempotent" time="0.363" /></testsuite></testsuites>