<?xml version="1.0" encoding="utf-8"?><testsuites name="pytest tests"><testsuite name="pytest" errors="0" failures="0" skipped="0" tests="16" time="10.343" timestamp="2026-02-15T15:30:46.782295+00:00" hostname="agent-env-b3c6e7ee-c743-460f-99cb-6d244bdb81ff"><testcase classname="backend.tests.test_reserved_member_centralized_fix.TestCentralizedUtilityUnit" name="test_01_verify_build_reserved_set_adds_both_ids" time="1.131" /><testcase classname="backend.tests.test_reserved_member_centralized_fix.TestCentralizedUtilityUnit" name="test_02_verify_is_record_reserved_checks_all_values" time="0.454" /><testcase classname="backend.tests.test_reserved_member_centralized_fix.TestMemberWDReservedHandling" name="test_01_memberwd_upload_flags_reserved_members" time="0.443" /><testcase classname="backend.tests.test_reserved_member_centralized_fix.TestMemberWDReservedHandling" name="test_02_memberwd_assign_random_skips_reserved" time="0.680" /><testcase classname="backend.tests.test_reserved_member_centralized_fix.TestMemberWDReservedHandling" name="test_03_memberwd_manual_assign_blocks_reserved" time="0.871" /><testcase classname="backend.tests.test_reserved_member_centralized_fix.TestBonanzaReservedHandling" name="test_01_bonanza_databases_show_excluded_count" time="0.454" /><testcase classname="backend.tests.test_reserved_member_centralized_fix.TestBonanzaReservedHandling" name="test_02_bonanza_assign_random_skips_reserved" time="0.724" /><testcase classname="backend.tests.test_reserved_member_centralized_fix.TestBonanzaReservedHandling" name="test_03_bonanza_manual_assign_blocks_reserved" time="1.094" /><testcase classname="backend.tests.test_reserved_member_centralized_fix.TestCriticalBugScenario" name="test_reserved_with_both_ids_scenario" time="0.920" /><testcase classname="backend.tests.test_reserved_member_centralized_fix.TestDiagnoseAndRepair" name="test_memberwd_diagnose_reserved_conflicts" time="0.438" /><testcase classname="backend.tests.test_reserved_member_centralized_fix.TestDiagnoseAndRepair" name="test_bonanza_diagnose_reserved_conflicts" time="0.467" /><testcase classname="backend.tests.test_reserved_member_centralized_fix.TestDiagnoseAndRepair" name="test_memberwd_data_health" time="1.204" /><testcase classname="backend.tests.test_reserved_member_centralized_fix.TestDiagnoseAndRepair" name="test_bonanza_data_health" time="0.493" /><testcase classname="backend.tests.test_reserved_member_centralized_fix.TestHealthCheck" name="test_backend_health" time="0.100" /><testcase classname="backend.tests.test_reserved_member_centralized_fix.TestHealthCheck" name="test_auth_login" time="0.337" /><testcase classname="backend.tests.test_reserved_member_centralized_fix.TestCleanup" name="test_cleanup_test_reserved_members" time="0.445" /></testsuite></testsuites>