<?xml version="1.0" encoding="utf-8"?><testsuites name="pytest tests"><testsuite name="pytest" errors="0" failures="2" skipped="0" tests="16" time="10.448" timestamp="2026-02-15T15:29:26.651341+00:00" hostname="agent-env-b3c6e7ee-c743-460f-99cb-6d244bdb81ff"><testcase classname="backend.tests.test_reserved_member_centralized_fix.TestCentralizedUtilityUnit" name="test_01_verify_build_reserved_set_adds_both_ids" time="0.943"><failure message="AssertionError: customer_name should be saved&#10;assert None == 'TEST_CENTRALIZED_CUSTNAME_329CBBE0'&#10; +  where None = &lt;built-in method get of dict object at 0xf834ce33cb00&gt;('customer_name')&#10; +    where &lt;built-in method get of dict object at 0xf834ce33cb00&gt; = {'approved_at': '2026-02-15T22:29:27.655662+07:00', 'approved_by': '0cf8a86d-fbad-4966-b232-a49e4033e1d8', 'approved_by_name': 'Vicky', 'created_at': '2026-02-15T22:29:27.655708+07:00', ...}.get">backend/tests/test_reserved_member_centralized_fix.py:97: in test_01_verify_build_reserved_set_adds_both_ids
    assert data.get('customer_name') == cust_name, "customer_name should be saved"
E   AssertionError: customer_name should be saved
E   assert None == 'TEST_CENTRALIZED_CUSTNAME_329CBBE0'
E    +  where None = &lt;built-in method get of dict object at 0xf834ce33cb00&gt;('customer_name')
E    +    where &lt;built-in method get of dict object at 0xf834ce33cb00&gt; = {'approved_at': '2026-02-15T22:29:27.655662+07:00', 'approved_by': '0cf8a86d-fbad-4966-b232-a49e4033e1d8', 'approved_by_name': 'Vicky', 'created_at': '2026-02-15T22:29:27.655708+07:00', ...}.get</failure></testcase><testcase classname="backend.tests.test_reserved_member_centralized_fix.TestCentralizedUtilityUnit" name="test_02_verify_is_record_reserved_checks_all_values" time="0.500" /><testcase classname="backend.tests.test_reserved_member_centralized_fix.TestMemberWDReservedHandling" name="test_01_memberwd_upload_flags_reserved_members" time="0.479" /><testcase classname="backend.tests.test_reserved_member_centralized_fix.TestMemberWDReservedHandling" name="test_02_memberwd_assign_random_skips_reserved" time="0.817" /><testcase classname="backend.tests.test_reserved_member_centralized_fix.TestMemberWDReservedHandling" name="test_03_memberwd_manual_assign_blocks_reserved" time="1.180" /><testcase classname="backend.tests.test_reserved_member_centralized_fix.TestBonanzaReservedHandling" name="test_01_bonanza_databases_show_excluded_count" time="0.445" /><testcase classname="backend.tests.test_reserved_member_centralized_fix.TestBonanzaReservedHandling" name="test_02_bonanza_assign_random_skips_reserved" time="0.790" /><testcase classname="backend.tests.test_reserved_member_centralized_fix.TestBonanzaReservedHandling" name="test_03_bonanza_manual_assign_blocks_reserved" time="0.969" /><testcase classname="backend.tests.test_reserved_member_centralized_fix.TestCriticalBugScenario" name="test_reserved_with_both_ids_scenario" time="1.149"><failure message="AssertionError: customer_name should be saved&#10;assert None == 'TEST_CENTRALIZED_NAME_14997E68'&#10; +  where None = &lt;built-in method get of dict object at 0xf834ce25cc40&gt;('customer_name')&#10; +    where &lt;built-in method get of dict object at 0xf834ce25cc40&gt; = {'approved_at': '2026-02-15T22:29:34.057520+07:00', 'approved_by': '0cf8a86d-fbad-4966-b232-a49e4033e1d8', 'approved_by_name': 'Vicky', 'created_at': '2026-02-15T22:29:34.057559+07:00', ...}.get">backend/tests/test_reserved_member_centralized_fix.py:465: in test_reserved_with_both_ids_scenario
    assert data.get('customer_name') == cust_name, "customer_name should be saved"
E   AssertionError: customer_name should be saved
E   assert None == 'TEST_CENTRALIZED_NAME_14997E68'
E    +  where None = &lt;built-in method get of dict object at 0xf834ce25cc40&gt;('customer_name')
E    +    where &lt;built-in method get of dict object at 0xf834ce25cc40&gt; = {'approved_at': '2026-02-15T22:29:34.057520+07:00', 'approved_by': '0cf8a86d-fbad-4966-b232-a49e4033e1d8', 'approved_by_name': 'Vicky', 'created_at': '2026-02-15T22:29:34.057559+07:00', ...}.get</failure></testcase><testcase classname="backend.tests.test_reserved_member_centralized_fix.TestDiagnoseAndRepair" name="test_memberwd_diagnose_reserved_conflicts" time="0.491" /><testcase classname="backend.tests.test_reserved_member_centralized_fix.TestDiagnoseAndRepair" name="test_bonanza_diagnose_reserved_conflicts" time="0.434" /><testcase classname="backend.tests.test_reserved_member_centralized_fix.TestDiagnoseAndRepair" name="test_memberwd_data_health" time="0.473" /><testcase classname="backend.tests.test_reserved_member_centralized_fix.TestDiagnoseAndRepair" name="test_bonanza_data_health" time="0.438" /><testcase classname="backend.tests.test_reserved_member_centralized_fix.TestHealthCheck" name="test_backend_health" time="0.101" /><testcase classname="backend.tests.test_reserved_member_centralized_fix.TestHealthCheck" name="test_auth_login" time="0.347" /><testcase classname="backend.tests.test_reserved_member_centralized_fix.TestCleanup" name="test_cleanup_test_reserved_members" time="0.728" /></testsuite></testsuites>