<?xml version="1.0" encoding="utf-8"?><testsuites name="pytest tests"><testsuite name="pytest" errors="0" failures="0" skipped="0" tests="12" time="5.757" timestamp="2026-01-15T20:15:28.830913+00:00" hostname="agent-env-ada1bd4e-235c-44bb-b75c-8039f85c4e26"><testcase classname="tests.test_role_hierarchy.TestAuthLogin" name="test_master_admin_login_returns_blocked_pages" time="0.302" /><testcase classname="tests.test_role_hierarchy.TestAuthLogin" name="test_admin_login_returns_blocked_pages" time="0.261" /><testcase classname="tests.test_role_hierarchy.TestRoleHierarchy" name="test_admin_cannot_edit_admin_user" time="0.596" /><testcase classname="tests.test_role_hierarchy.TestRoleHierarchy" name="test_admin_cannot_edit_master_admin_user" time="0.589" /><testcase classname="tests.test_role_hierarchy.TestRoleHierarchy" name="test_admin_can_edit_staff_user" time="0.714" /><testcase classname="tests.test_role_hierarchy.TestRoleHierarchy" name="test_master_admin_can_edit_admin_user" time="0.445" /><testcase classname="tests.test_role_hierarchy.TestRoleHierarchy" name="test_admin_cannot_delete_admin_user" time="0.592" /><testcase classname="tests.test_role_hierarchy.TestPageAccessControl" name="test_master_admin_can_set_page_access_for_admin" time="0.481" /><testcase classname="tests.test_role_hierarchy.TestPageAccessControl" name="test_admin_cannot_set_page_access" time="0.590" /><testcase classname="tests.test_role_hierarchy.TestPageAccessControl" name="test_page_access_only_for_admin_users" time="0.370" /><testcase classname="tests.test_role_hierarchy.TestRegisterMasterAdmin" name="test_can_register_master_admin_role" time="0.423" /><testcase classname="tests.test_role_hierarchy.TestAuthMe" name="test_auth_me_returns_blocked_pages" time="0.329" /></testsuite></testsuites>