<?xml version="1.0" encoding="utf-8"?><testsuites name="pytest tests"><testsuite name="pytest" errors="0" failures="1" skipped="0" tests="12" time="7.305" timestamp="2026-01-15T20:14:56.423751+00:00" hostname="agent-env-ada1bd4e-235c-44bb-b75c-8039f85c4e26"><testcase classname="tests.test_role_hierarchy.TestAuthLogin" name="test_master_admin_login_returns_blocked_pages" time="0.285" /><testcase classname="tests.test_role_hierarchy.TestAuthLogin" name="test_admin_login_returns_blocked_pages" time="0.258" /><testcase classname="tests.test_role_hierarchy.TestRoleHierarchy" name="test_admin_cannot_edit_admin_user" time="0.609" /><testcase classname="tests.test_role_hierarchy.TestRoleHierarchy" name="test_admin_cannot_edit_master_admin_user" time="0.629" /><testcase classname="tests.test_role_hierarchy.TestRoleHierarchy" name="test_admin_can_edit_staff_user" time="0.700" /><testcase classname="tests.test_role_hierarchy.TestRoleHierarchy" name="test_master_admin_can_edit_admin_user" time="0.480" /><testcase classname="tests.test_role_hierarchy.TestRoleHierarchy" name="test_admin_cannot_delete_admin_user" time="0.587"><failure message="assert 400 == 403&#10; +  where 400 = &lt;Response [400]&gt;.status_code">tests/test_role_hierarchy.py:202: in test_admin_cannot_delete_admin_user
    assert response.status_code == 403
E   assert 400 == 403
E    +  where 400 = &lt;Response [400]&gt;.status_code</failure></testcase><testcase classname="tests.test_role_hierarchy.TestPageAccessControl" name="test_master_admin_can_set_page_access_for_admin" time="0.441" /><testcase classname="tests.test_role_hierarchy.TestPageAccessControl" name="test_admin_cannot_set_page_access" time="0.635" /><testcase classname="tests.test_role_hierarchy.TestPageAccessControl" name="test_page_access_only_for_admin_users" time="1.575" /><testcase classname="tests.test_role_hierarchy.TestRegisterMasterAdmin" name="test_can_register_master_admin_role" time="0.629" /><testcase classname="tests.test_role_hierarchy.TestAuthMe" name="test_auth_me_returns_blocked_pages" time="0.332" /></testsuite></testsuites>