<?xml version="1.0" encoding="utf-8"?><testsuites name="pytest tests"><testsuite name="pytest" errors="0" failures="0" skipped="0" tests="10" time="6.110" timestamp="2026-02-14T10:47:59.170620+00:00" hostname="agent-env-646229b7-6dce-4a8f-8236-34b5604d722b"><testcase classname="backend.tests.test_staff_ndp_rdp_daily.TestStaffNdpRdpDailyEndpoint" name="test_01_endpoint_returns_200_without_filters" time="0.558" /><testcase classname="backend.tests.test_staff_ndp_rdp_daily.TestStaffNdpRdpDailyEndpoint" name="test_02_response_structure_is_correct" time="0.454" /><testcase classname="backend.tests.test_staff_ndp_rdp_daily.TestStaffNdpRdpDailyEndpoint" name="test_03_chart_data_has_correct_format" time="0.429" /><testcase classname="backend.tests.test_staff_ndp_rdp_daily.TestStaffNdpRdpDailyEndpoint" name="test_04_staff_array_has_correct_format" time="0.438" /><testcase classname="backend.tests.test_staff_ndp_rdp_daily.TestStaffNdpRdpDailyEndpoint" name="test_05_period_filter_works" time="0.549" /><testcase classname="backend.tests.test_staff_ndp_rdp_daily.TestStaffNdpRdpDailyEndpoint" name="test_06_product_id_filter_works" time="0.687" /><testcase classname="backend.tests.test_staff_ndp_rdp_daily.TestStaffNdpRdpDailyEndpoint" name="test_07_unauthenticated_request_fails" time="0.427" /><testcase classname="backend.tests.test_staff_ndp_rdp_daily.TestStaffNdpRdpDailyEndpoint" name="test_08_non_admin_user_access_denied" time="0.903" /><testcase classname="backend.tests.test_staff_ndp_rdp_daily.TestStaffNdpRdpDailyEndpoint" name="test_09_ndp_rdp_values_are_integers" time="0.433" /><testcase classname="backend.tests.test_staff_ndp_rdp_daily.TestStaffNdpRdpDailyEndpoint" name="test_10_different_periods_return_expected_period_value" time="1.051" /></testsuite></testsuites>