<?xml version="1.0" encoding="utf-8"?><testsuites name="pytest tests"><testsuite name="pytest" errors="0" failures="0" skipped="0" tests="9" time="2.315" timestamp="2026-01-18T16:10:34.087467+00:00" hostname="agent-env-b9ba1eb7-8877-4d6f-b231-196be8e6673e"><testcase classname="tests.test_staff_notifications.TestStaffNotifications" name="test_notification_summary_requires_auth" time="0.093" /><testcase classname="tests.test_staff_notifications.TestStaffNotifications" name="test_notification_summary_returns_correct_structure" time="0.276" /><testcase classname="tests.test_staff_notifications.TestStaffNotifications" name="test_notification_summary_admin_returns_zeros" time="0.276" /><testcase classname="tests.test_staff_notifications.TestStaffNotifications" name="test_mark_viewed_requires_auth" time="0.036" /><testcase classname="tests.test_staff_notifications.TestStaffNotifications" name="test_mark_viewed_bonanza_success" time="0.268" /><testcase classname="tests.test_staff_notifications.TestStaffNotifications" name="test_mark_viewed_memberwd_success" time="0.277" /><testcase classname="tests.test_staff_notifications.TestStaffNotifications" name="test_mark_viewed_invalid_page_type" time="0.278" /><testcase classname="tests.test_staff_notifications.TestStaffNotifications" name="test_mark_viewed_admin_returns_success" time="0.268" /><testcase classname="tests.test_staff_notifications.TestStaffNotifications" name="test_mark_viewed_resets_count" time="0.430" /></testsuite></testsuites>