<?xml version="1.0" encoding="utf-8"?><testsuites name="pytest tests"><testsuite name="pytest" errors="0" failures="0" skipped="0" tests="6" time="3.348" timestamp="2026-01-15T19:53:15.963170+00:00" hostname="agent-env-ada1bd4e-235c-44bb-b75c-8039f85c4e26"><testcase classname="tests.test_staff_offline_alerts.TestStaffOfflineAlerts" name="test_get_config_returns_staff_offline_fields" time="0.370" /><testcase classname="tests.test_staff_offline_alerts.TestStaffOfflineAlerts" name="test_save_staff_offline_config" time="0.288" /><testcase classname="tests.test_staff_offline_alerts.TestStaffOfflineAlerts" name="test_disable_staff_offline_alerts" time="0.355" /><testcase classname="tests.test_staff_offline_alerts.TestStaffOfflineAlerts" name="test_send_staff_offline_alert_now" time="0.921" /><testcase classname="tests.test_staff_offline_alerts.TestStaffOfflineAlerts" name="test_send_staff_offline_alert_updates_last_sent" time="0.904" /><testcase classname="tests.test_staff_offline_alerts.TestStaffOfflineAlerts" name="test_staff_offline_config_requires_auth" time="0.405" /></testsuite></testsuites>