<?xml version="1.0" encoding="utf-8"?><testsuites name="pytest tests"><testsuite name="pytest" errors="0" failures="0" skipped="0" tests="7" time="3.486" timestamp="2026-02-15T16:35:16.745835+00:00" hostname="agent-env-b3c6e7ee-c743-460f-99cb-6d244bdb81ff"><testcase classname="tests.test_sync_bug_fixes.TestHealthCheck" name="test_backend_health" time="0.133" /><testcase classname="tests.test_sync_bug_fixes.TestFix1_OmsetSyncWithCustomerNameOnly" name="test_01_omset_sync_updates_reserved_member_via_customer_name" time="1.613" /><testcase classname="tests.test_sync_bug_fixes.TestFix2_DeleteReservedMemberRestoresRecords" name="test_01_delete_reserved_member_restores_invalidated_records" time="0.413" /><testcase classname="tests.test_sync_bug_fixes.TestFix3_MoveReservedMemberInvalidationLogic" name="test_01_move_reserved_member_restores_and_invalidates" time="0.468" /><testcase classname="tests.test_sync_bug_fixes.TestRestoreInvalidatedRecordsHelper" name="test_01_verify_restore_helper_behavior" time="0.545" /><testcase classname="tests.test_sync_bug_fixes.TestOmsetApproveFlowSync" name="test_01_verify_omset_approve_endpoint_exists" time="0.133" /><testcase classname="tests.test_sync_bug_fixes.TestCleanup" name="test_cleanup_test_reserved_members" time="0.118" /></testsuite></testsuites>