<?xml version="1.0" encoding="utf-8"?><testsuites name="pytest tests"><testsuite name="pytest" errors="0" failures="0" skipped="0" tests="26" time="7.859" timestamp="2026-02-03T16:02:10.352192+00:00" hostname="agent-env-5361ba07-5e0c-4bcb-9620-36be2f390567"><testcase classname="backend.tests.test_sync_features.TestAttendanceLeaveIntegration" name="test_01_attendance_checkin_endpoint_exists" time="0.536" /><testcase classname="backend.tests.test_sync_features.TestAttendanceLeaveIntegration" name="test_02_leave_requests_endpoint_exists" time="0.504" /><testcase classname="backend.tests.test_sync_features.TestAttendanceLeaveIntegration" name="test_03_attendance_code_checks_leave_status" time="0.489" /><testcase classname="backend.tests.test_sync_features.TestLatenessFeeLeaveExclusion" name="test_01_fees_summary_endpoint_exists" time="0.267" /><testcase classname="backend.tests.test_sync_features.TestLatenessFeeLeaveExclusion" name="test_02_fees_code_excludes_approved_leave" time="0.263" /><testcase classname="backend.tests.test_sync_features.TestBonusCheckExpiration" name="test_01_bonus_check_products_endpoint" time="0.267" /><testcase classname="backend.tests.test_sync_features.TestBonusCheckExpiration" name="test_02_bonus_check_code_uses_record_date" time="0.262" /><testcase classname="backend.tests.test_sync_features.TestBonusCheckExpiration" name="test_03_bonus_check_code_uses_last_omset" time="0.257" /><testcase classname="backend.tests.test_sync_features.TestReservedMemberCleanupGracePeriod" name="test_01_cleanup_preview_endpoint" time="0.273" /><testcase classname="backend.tests.test_sync_features.TestReservedMemberCleanupGracePeriod" name="test_02_cleanup_code_uses_last_omset_date" time="0.263" /><testcase classname="backend.tests.test_sync_features.TestReservedMemberCleanupGracePeriod" name="test_03_cleanup_code_uses_record_date_from_omset" time="0.259" /><testcase classname="backend.tests.test_sync_features.TestReservedMemberDeleteBonusCleanup" name="test_01_records_delete_code_cleans_bonus_submissions" time="0.260" /><testcase classname="backend.tests.test_sync_features.TestReservedMemberDeleteBonusCleanup" name="test_02_cleanup_job_also_cleans_bonus_submissions" time="0.261" /><testcase classname="backend.tests.test_sync_features.TestUserDeleteCascade" name="test_01_user_delete_code_has_cascade_cleanup" time="0.263" /><testcase classname="backend.tests.test_sync_features.TestUserDeleteCascade" name="test_02_user_delete_cleans_reserved_members" time="0.267" /><testcase classname="backend.tests.test_sync_features.TestUserDeleteCascade" name="test_03_user_delete_cleans_bonus_submissions" time="0.301" /><testcase classname="backend.tests.test_sync_features.TestUserDeleteCascade" name="test_04_user_delete_cleans_attendance_records" time="0.256" /><testcase classname="backend.tests.test_sync_features.TestUserDeleteCascade" name="test_05_user_delete_cleans_leave_requests" time="0.285" /><testcase classname="backend.tests.test_sync_features.TestUserDeleteCascade" name="test_06_user_delete_cleans_notifications" time="0.259" /><testcase classname="backend.tests.test_sync_features.TestAtRiskAlertVariableFix" name="test_01_variable_name_is_correct" time="0.260" /><testcase classname="backend.tests.test_sync_features.TestAtRiskAlertVariableFix" name="test_02_no_old_variable_name" time="0.267" /><testcase classname="backend.tests.test_sync_features.TestAPIEndpointsHealth" name="test_01_attendance_endpoints" time="0.272" /><testcase classname="backend.tests.test_sync_features.TestAPIEndpointsHealth" name="test_02_fees_endpoints" time="0.323" /><testcase classname="backend.tests.test_sync_features.TestAPIEndpointsHealth" name="test_03_reserved_member_endpoints" time="0.318" /><testcase classname="backend.tests.test_sync_features.TestAPIEndpointsHealth" name="test_04_bonus_check_endpoints" time="0.271" /><testcase classname="backend.tests.test_sync_features.TestAPIEndpointsHealth" name="test_05_leave_endpoints" time="0.274" /></testsuite></testsuites>