<?xml version="1.0" encoding="utf-8"?><testsuites name="pytest tests"><testsuite name="pytest" errors="0" failures="0" skipped="0" tests="13" time="0.017" timestamp="2026-01-21T15:17:34.401775+00:00" hostname="agent-env-e0a654ef-847b-4606-92b1-29dcc400ce3b"><testcase classname="tests.test_tambahan_ndp_rdp_logic.TestTambahanLogic" name="test_helper_is_tambahan_record" time="0.000" /><testcase classname="tests.test_tambahan_ndp_rdp_logic.TestTambahanLogic" name="test_normalize_customer_id" time="0.000" /><testcase classname="tests.test_tambahan_ndp_rdp_logic.TestTambahanLogic" name="test_first_deposit_excludes_tambahan" time="0.000" /><testcase classname="tests.test_tambahan_ndp_rdp_logic.TestTambahanLogic" name="test_tambahan_always_rdp" time="0.000" /><testcase classname="tests.test_tambahan_ndp_rdp_logic.TestTambahanLogic" name="test_scenario_mixed_records" time="0.000" /><testcase classname="tests.test_tambahan_ndp_rdp_logic.TestTambahanLogic" name="test_case_insensitive_tambahan" time="0.000" /><testcase classname="tests.test_tambahan_ndp_rdp_logic.TestModulesHaveTambahanLogic" name="test_omset_has_tambahan_logic" time="0.000" /><testcase classname="tests.test_tambahan_ndp_rdp_logic.TestModulesHaveTambahanLogic" name="test_analytics_has_tambahan_logic" time="0.000" /><testcase classname="tests.test_tambahan_ndp_rdp_logic.TestModulesHaveTambahanLogic" name="test_bonus_has_tambahan_logic" time="0.000" /><testcase classname="tests.test_tambahan_ndp_rdp_logic.TestModulesHaveTambahanLogic" name="test_leaderboard_has_tambahan_logic" time="0.000" /><testcase classname="tests.test_tambahan_ndp_rdp_logic.TestModulesHaveTambahanLogic" name="test_report_has_tambahan_logic" time="0.000" /><testcase classname="tests.test_tambahan_ndp_rdp_logic.TestModulesHaveTambahanLogic" name="test_retention_has_tambahan_logic" time="0.000" /><testcase classname="tests.test_tambahan_ndp_rdp_logic.TestModulesHaveTambahanLogic" name="test_scheduled_reports_has_tambahan_logic" time="0.001" /></testsuite></testsuites>