<?xml version="1.0" encoding="utf-8"?><testsuites name="pytest tests"><testsuite name="pytest" errors="0" failures="1" skipped="0" tests="17" time="2.573" timestamp="2026-01-21T15:16:47.153932+00:00" hostname="agent-env-e0a654ef-847b-4606-92b1-29dcc400ce3b"><testcase classname="tests.test_tambahan_api_endpoints.TestTambahanAPIEndpoints" name="test_retention_overview_endpoint_accessible" time="0.339" /><testcase classname="tests.test_tambahan_api_endpoints.TestTambahanAPIEndpoints" name="test_retention_overview_with_date_range" time="0.039" /><testcase classname="tests.test_tambahan_api_endpoints.TestTambahanAPIEndpoints" name="test_retention_trend_endpoint_accessible" time="0.041" /><testcase classname="tests.test_tambahan_api_endpoints.TestTambahanAPIEndpoints" name="test_retention_trend_daily_data" time="0.044" /><testcase classname="tests.test_tambahan_api_endpoints.TestTambahanAPIEndpoints" name="test_retention_by_product_endpoint_accessible" time="0.038" /><testcase classname="tests.test_tambahan_api_endpoints.TestTambahanAPIEndpoints" name="test_retention_by_product_counts_consistent" time="0.040" /><testcase classname="tests.test_tambahan_api_endpoints.TestTambahanAPIEndpoints" name="test_retention_by_staff_requires_admin" time="0.300" /><testcase classname="tests.test_tambahan_api_endpoints.TestTambahanAPIEndpoints" name="test_retention_by_staff_endpoint_accessible" time="0.041" /><testcase classname="tests.test_tambahan_api_endpoints.TestTambahanAPIEndpoints" name="test_omset_summary_endpoint_accessible" time="0.041" /><testcase classname="tests.test_tambahan_api_endpoints.TestTambahanAPIEndpoints" name="test_omset_summary_daily_has_ndp_rdp" time="0.040" /><testcase classname="tests.test_tambahan_api_endpoints.TestTambahanAPIEndpoints" name="test_omset_ndp_rdp_endpoint" time="0.097" /><testcase classname="tests.test_tambahan_api_endpoints.TestTambahanAPIEndpoints" name="test_daily_summary_endpoint_accessible" time="0.038"><failure message="AssertionError: Daily summary failed: {&quot;detail&quot;:&quot;Not Found&quot;}&#10;assert 404 == 200&#10; +  where 404 = &lt;Response [404]&gt;.status_code">tests/test_tambahan_api_endpoints.py:266: in test_daily_summary_endpoint_accessible
    assert response.status_code == 200, f"Daily summary failed: {response.text}"
E   AssertionError: Daily summary failed: {"detail":"Not Found"}
E   assert 404 == 200
E    +  where 404 = &lt;Response [404]&gt;.status_code</failure></testcase><testcase classname="tests.test_tambahan_api_endpoints.TestTambahanAPIEndpoints" name="test_ndp_rdp_consistency_across_endpoints" time="0.083" /><testcase classname="tests.test_tambahan_api_endpoints.TestTambahanAPIEndpoints" name="test_omset_record_types_endpoint" time="0.078" /><testcase classname="tests.test_tambahan_api_endpoints.TestTambahanRuleVerification" name="test_tambahan_records_are_rdp_in_record_types" time="1.086" /><testcase classname="tests.test_tambahan_api_endpoints.TestTambahanRuleVerification" name="test_retention_overview_structure" time="0.038" /><testcase classname="tests.test_tambahan_api_endpoints.TestTambahanRuleVerification" name="test_retention_trend_summary_matches_daily" time="0.035" /></testsuite></testsuites>