<?xml version="1.0" encoding="utf-8"?><testsuites name="pytest tests"><testsuite name="pytest" errors="0" failures="0" skipped="0" tests="17" time="2.395" timestamp="2026-01-21T15:17:24.037465+00:00" hostname="agent-env-e0a654ef-847b-4606-92b1-29dcc400ce3b"><testcase classname="tests.test_tambahan_api_endpoints.TestTambahanAPIEndpoints" name="test_retention_overview_endpoint_accessible" time="0.334" /><testcase classname="tests.test_tambahan_api_endpoints.TestTambahanAPIEndpoints" name="test_retention_overview_with_date_range" time="0.040" /><testcase classname="tests.test_tambahan_api_endpoints.TestTambahanAPIEndpoints" name="test_retention_trend_endpoint_accessible" time="0.036" /><testcase classname="tests.test_tambahan_api_endpoints.TestTambahanAPIEndpoints" name="test_retention_trend_daily_data" time="0.035" /><testcase classname="tests.test_tambahan_api_endpoints.TestTambahanAPIEndpoints" name="test_retention_by_product_endpoint_accessible" time="0.039" /><testcase classname="tests.test_tambahan_api_endpoints.TestTambahanAPIEndpoints" name="test_retention_by_product_counts_consistent" time="0.036" /><testcase classname="tests.test_tambahan_api_endpoints.TestTambahanAPIEndpoints" name="test_retention_by_staff_requires_admin" time="0.300" /><testcase classname="tests.test_tambahan_api_endpoints.TestTambahanAPIEndpoints" name="test_retention_by_staff_endpoint_accessible" time="0.037" /><testcase classname="tests.test_tambahan_api_endpoints.TestTambahanAPIEndpoints" name="test_omset_summary_endpoint_accessible" time="0.037" /><testcase classname="tests.test_tambahan_api_endpoints.TestTambahanAPIEndpoints" name="test_omset_summary_daily_has_ndp_rdp" time="0.034" /><testcase classname="tests.test_tambahan_api_endpoints.TestTambahanAPIEndpoints" name="test_omset_ndp_rdp_endpoint" time="0.073" /><testcase classname="tests.test_tambahan_api_endpoints.TestTambahanAPIEndpoints" name="test_daily_summary_endpoint_accessible" time="0.038" /><testcase classname="tests.test_tambahan_api_endpoints.TestTambahanAPIEndpoints" name="test_ndp_rdp_consistency_across_endpoints" time="0.078" /><testcase classname="tests.test_tambahan_api_endpoints.TestTambahanAPIEndpoints" name="test_omset_record_types_endpoint" time="0.074" /><testcase classname="tests.test_tambahan_api_endpoints.TestTambahanRuleVerification" name="test_tambahan_records_are_rdp_in_record_types" time="1.049" /><testcase classname="tests.test_tambahan_api_endpoints.TestTambahanRuleVerification" name="test_retention_overview_structure" time="0.037" /><testcase classname="tests.test_tambahan_api_endpoints.TestTambahanRuleVerification" name="test_retention_trend_summary_matches_daily" time="0.037" /></testsuite></testsuites>