<?xml version="1.0" encoding="utf-8"?><testsuites name="pytest tests"><testsuite name="pytest" errors="0" failures="0" skipped="0" tests="16" time="4.505" timestamp="2026-01-17T15:01:23.897399+00:00" hostname="agent-env-2fa8a9a9-1e63-43f8-8dcc-be8d637202c4"><testcase classname="tests.test_user_activity_session.TestUserActivityAndSession" name="test_heartbeat_updates_last_activity" time="0.312" /><testcase classname="tests.test_user_activity_session.TestUserActivityAndSession" name="test_heartbeat_requires_auth" time="0.037" /><testcase classname="tests.test_user_activity_session.TestUserActivityAndSession" name="test_session_status_returns_valid_info" time="0.271" /><testcase classname="tests.test_user_activity_session.TestUserActivityAndSession" name="test_session_status_minutes_remaining" time="0.354" /><testcase classname="tests.test_user_activity_session.TestUserActivityAndSession" name="test_session_status_minutes_inactive" time="0.275" /><testcase classname="tests.test_user_activity_session.TestUserActivityAndSession" name="test_session_status_requires_auth" time="0.045" /><testcase classname="tests.test_user_activity_session.TestUserActivityAndSession" name="test_user_activity_endpoint_exists" time="0.267" /><testcase classname="tests.test_user_activity_session.TestUserActivityAndSession" name="test_user_activity_summary_structure" time="0.265" /><testcase classname="tests.test_user_activity_session.TestUserActivityAndSession" name="test_user_activity_thresholds" time="0.308" /><testcase classname="tests.test_user_activity_session.TestUserActivityAndSession" name="test_user_activity_status_based_on_timestamp" time="0.313" /><testcase classname="tests.test_user_activity_session.TestUserActivityAndSession" name="test_user_activity_user_fields" time="0.268" /><testcase classname="tests.test_user_activity_session.TestUserActivityAndSession" name="test_user_activity_requires_admin" time="0.264" /><testcase classname="tests.test_user_activity_session.TestUserActivityAndSession" name="test_logout_updates_status" time="0.310" /><testcase classname="tests.test_user_activity_session.TestUserActivityAndSession" name="test_user_offline_after_logout" time="0.528" /><testcase classname="tests.test_user_activity_session.TestActivityStatusLogic" name="test_online_status_within_5_minutes" time="0.282" /><testcase classname="tests.test_user_activity_session.TestActivityStatusLogic" name="test_activity_status_not_based_on_is_online_flag" time="0.271" /></testsuite></testsuites>