<?xml version="1.0" encoding="utf-8"?><testsuites name="pytest tests"><testsuite name="pytest" errors="0" failures="0" skipped="0" tests="15" time="11.142" timestamp="2026-01-21T13:01:51.414519+00:00" hostname="agent-env-f789a5f5-5ea0-407a-bd4d-e8df592effa1"><testcase classname="tests.test_user_activity_independence.TestHeartbeatEndpoint" name="test_heartbeat_requires_authentication" time="0.077" /><testcase classname="tests.test_user_activity_independence.TestHeartbeatEndpoint" name="test_heartbeat_returns_correct_user_id" time="0.303" /><testcase classname="tests.test_user_activity_independence.TestHeartbeatEndpoint" name="test_heartbeat_response_structure" time="0.299" /><testcase classname="tests.test_user_activity_independence.TestUserActivityEndpoint" name="test_activity_endpoint_requires_admin" time="0.334" /><testcase classname="tests.test_user_activity_independence.TestUserActivityEndpoint" name="test_activity_endpoint_returns_correct_structure" time="0.301" /><testcase classname="tests.test_user_activity_independence.TestUserActivityEndpoint" name="test_activity_returns_user_fields" time="0.299" /><testcase classname="tests.test_user_activity_independence.TestUserActivityEndpoint" name="test_activity_thresholds_documented" time="0.293" /><testcase classname="tests.test_user_activity_independence.TestLoginLogoutStatusCycle" name="test_staff_login_sets_online" time="0.593" /><testcase classname="tests.test_user_activity_independence.TestLoginLogoutStatusCycle" name="test_staff_logout_sets_offline" time="0.588" /><testcase classname="tests.test_user_activity_independence.TestLoginLogoutStatusCycle" name="test_staff_relogin_sets_online_again" time="0.924" /><testcase classname="tests.test_user_activity_independence.TestIndependenceRequirement" name="test_admin_viewing_activity_does_not_change_staff_timestamp" time="3.316" /><testcase classname="tests.test_user_activity_independence.TestIndependenceRequirement" name="test_admin_heartbeat_does_not_affect_staff" time="2.325" /><testcase classname="tests.test_user_activity_independence.TestIndependenceRequirement" name="test_multiple_users_independent_status" time="0.746" /><testcase classname="tests.test_user_activity_independence.TestStatusBadgeColors" name="test_all_status_values_valid" time="0.306" /><testcase classname="tests.test_user_activity_independence.TestStatusBadgeColors" name="test_summary_counts_match_users" time="0.301" /></testsuite></testsuites>